This file contains any messages produced by compilers while
running configure, to aid debugging if configure makes a mistake.

It was created by libX11 configure 1.8, which was
generated by GNU Autoconf 2.69.  Invocation command line was

  $ ./configure 

## --------- ##
## Platform. ##
## --------- ##

hostname = leuleu-HP-ZBook
uname -m = x86_64
uname -r = 5.15.0-56-generic
uname -s = Linux
uname -v = #62-Ubuntu SMP Tue Nov 22 19:54:14 UTC 2022

/usr/bin/uname -p = x86_64
/bin/uname -X     = unknown

/bin/arch              = x86_64
/usr/bin/arch -k       = unknown
/usr/convex/getsysinfo = unknown
/usr/bin/hostinfo      = unknown
/bin/machine           = unknown
/usr/bin/oslevel       = unknown
/bin/universe          = unknown

PATH: /home/leuleu/.local/bin
PATH: /usr/local/sbin
PATH: /usr/local/bin
PATH: /usr/sbin
PATH: /usr/bin
PATH: /sbin
PATH: /bin
PATH: /usr/games
PATH: /usr/local/games
PATH: /snap/bin
PATH: /snap/bin


## ----------- ##
## Core tests. ##
## ----------- ##

configure:2682: checking build system type
configure:2696: result: x86_64-pc-linux-gnu
configure:2716: checking host system type
configure:2729: result: x86_64-pc-linux-gnu
configure:2803: checking for gcc
configure:2819: found /usr/bin/gcc
configure:2830: result: gcc
configure:3059: checking for C compiler version
configure:3068: gcc --version >&5
gcc (Ubuntu 11.3.0-1ubuntu1~22.04) 11.3.0
Copyright (C) 2021 Free Software Foundation, Inc.
This is free software; see the source for copying conditions.  There is NO
warranty; not even for MERCHANTABILITY or FITNESS FOR A PARTICULAR PURPOSE.

configure:3079: $? = 0
configure:3068: gcc -v >&5
Using built-in specs.
COLLECT_GCC=gcc
COLLECT_LTO_WRAPPER=/usr/lib/gcc/x86_64-linux-gnu/11/lto-wrapper
OFFLOAD_TARGET_NAMES=nvptx-none:amdgcn-amdhsa
OFFLOAD_TARGET_DEFAULT=1
Target: x86_64-linux-gnu
Configured with: ../src/configure -v --with-pkgversion='Ubuntu 11.3.0-1ubuntu1~22.04' --with-bugurl=file:///usr/share/doc/gcc-11/README.Bugs --enable-languages=c,ada,c++,go,brig,d,fortran,objc,obj-c++,m2 --prefix=/usr --with-gcc-major-version-only --program-suffix=-11 --program-prefix=x86_64-linux-gnu- --enable-shared --enable-linker-build-id --libexecdir=/usr/lib --without-included-gettext --enable-threads=posix --libdir=/usr/lib --enable-nls --enable-bootstrap --enable-clocale=gnu --enable-libstdcxx-debug --enable-libstdcxx-time=yes --with-default-libstdcxx-abi=new --enable-gnu-unique-object --disable-vtable-verify --enable-plugin --enable-default-pie --with-system-zlib --enable-libphobos-checking=release --with-target-system-zlib=auto --enable-objc-gc=auto --enable-multiarch --disable-werror --enable-cet --with-arch-32=i686 --with-abi=m64 --with-multilib-list=m32,m64,mx32 --enable-multilib --with-tune=generic --enable-offload-targets=nvptx-none=/build/gcc-11-xKiWfi/gcc-11-11.3.0/debian/tmp-nvptx/usr,amdgcn-amdhsa=/build/gcc-11-xKiWfi/gcc-11-11.3.0/debian/tmp-gcn/usr --without-cuda-driver --enable-checking=release --build=x86_64-linux-gnu --host=x86_64-linux-gnu --target=x86_64-linux-gnu --with-build-config=bootstrap-lto-lean --enable-link-serialization=2
Thread model: posix
Supported LTO compression algorithms: zlib zstd
gcc version 11.3.0 (Ubuntu 11.3.0-1ubuntu1~22.04) 
... rest of stderr output deleted ...
configure:3079: $? = 0
configure:3068: gcc -V >&5
gcc: error: unrecognized command-line option '-V'
gcc: fatal error: no input files
compilation terminated.
configure:3079: $? = 1
configure:3068: gcc -qversion >&5
gcc: error: unrecognized command-line option '-qversion'; did you mean '--version'?
gcc: fatal error: no input files
compilation terminated.
configure:3079: $? = 1
configure:3099: checking whether the C compiler works
configure:3121: gcc    conftest.c  >&5
configure:3125: $? = 0
configure:3173: result: yes
configure:3176: checking for C compiler default output file name
configure:3178: result: a.out
configure:3184: checking for suffix of executables
configure:3191: gcc -o conftest    conftest.c  >&5
configure:3195: $? = 0
configure:3217: result: 
configure:3239: checking whether we are cross compiling
configure:3247: gcc -o conftest    conftest.c  >&5
configure:3251: $? = 0
configure:3258: ./conftest
configure:3262: $? = 0
configure:3277: result: no
configure:3282: checking for suffix of object files
configure:3304: gcc -c   conftest.c >&5
configure:3308: $? = 0
configure:3329: result: o
configure:3333: checking whether we are using the GNU C compiler
configure:3352: gcc -c   conftest.c >&5
configure:3352: $? = 0
configure:3361: result: yes
configure:3370: checking whether gcc accepts -g
configure:3390: gcc -c -g  conftest.c >&5
configure:3390: $? = 0
configure:3431: result: yes
configure:3448: checking for gcc option to accept ISO C89
configure:3511: gcc  -c -g -O2  conftest.c >&5
configure:3511: $? = 0
configure:3524: result: none needed
configure:3549: checking whether gcc understands -c and -o together
configure:3571: gcc -c conftest.c -o conftest2.o
configure:3574: $? = 0
configure:3571: gcc -c conftest.c -o conftest2.o
configure:3574: $? = 0
configure:3586: result: yes
configure:3609: checking how to run the C preprocessor
configure:3640: gcc -E  conftest.c
configure:3640: $? = 0
configure:3654: gcc -E  conftest.c
conftest.c:9:10: fatal error: ac_nonexistent.h: No such file or directory
    9 | #include <ac_nonexistent.h>
      |          ^~~~~~~~~~~~~~~~~~
compilation terminated.
configure:3654: $? = 1
configure: failed program was:
| /* confdefs.h */
| #define PACKAGE_NAME "libX11"
| #define PACKAGE_TARNAME "libX11"
| #define PACKAGE_VERSION "1.8"
| #define PACKAGE_STRING "libX11 1.8"
| #define PACKAGE_BUGREPORT "https://gitlab.freedesktop.org/xorg/lib/libx11/issues"
| #define PACKAGE_URL ""
| /* end confdefs.h.  */
| #include <ac_nonexistent.h>
configure:3679: result: gcc -E
configure:3699: gcc -E  conftest.c
configure:3699: $? = 0
configure:3713: gcc -E  conftest.c
conftest.c:9:10: fatal error: ac_nonexistent.h: No such file or directory
    9 | #include <ac_nonexistent.h>
      |          ^~~~~~~~~~~~~~~~~~
compilation terminated.
configure:3713: $? = 1
configure: failed program was:
| /* confdefs.h */
| #define PACKAGE_NAME "libX11"
| #define PACKAGE_TARNAME "libX11"
| #define PACKAGE_VERSION "1.8"
| #define PACKAGE_STRING "libX11 1.8"
| #define PACKAGE_BUGREPORT "https://gitlab.freedesktop.org/xorg/lib/libx11/issues"
| #define PACKAGE_URL ""
| /* end confdefs.h.  */
| #include <ac_nonexistent.h>
configure:3742: checking for grep that handles long lines and -e
configure:3800: result: /usr/bin/grep
configure:3805: checking for egrep
configure:3867: result: /usr/bin/grep -E
configure:3872: checking for ANSI C header files
configure:3892: gcc -c -g -O2  conftest.c >&5
configure:3892: $? = 0
configure:3965: gcc -o conftest -g -O2   conftest.c  >&5
configure:3965: $? = 0
configure:3965: ./conftest
configure:3965: $? = 0
configure:3976: result: yes
configure:3989: checking for sys/types.h
configure:3989: gcc -c -g -O2  conftest.c >&5
configure:3989: $? = 0
configure:3989: result: yes
configure:3989: checking for sys/stat.h
configure:3989: gcc -c -g -O2  conftest.c >&5
configure:3989: $? = 0
configure:3989: result: yes
configure:3989: checking for stdlib.h
configure:3989: gcc -c -g -O2  conftest.c >&5
configure:3989: $? = 0
configure:3989: result: yes
configure:3989: checking for string.h
configure:3989: gcc -c -g -O2  conftest.c >&5
configure:3989: $? = 0
configure:3989: result: yes
configure:3989: checking for memory.h
configure:3989: gcc -c -g -O2  conftest.c >&5
configure:3989: $? = 0
configure:3989: result: yes
configure:3989: checking for strings.h
configure:3989: gcc -c -g -O2  conftest.c >&5
configure:3989: $? = 0
configure:3989: result: yes
configure:3989: checking for inttypes.h
configure:3989: gcc -c -g -O2  conftest.c >&5
configure:3989: $? = 0
configure:3989: result: yes
configure:3989: checking for stdint.h
configure:3989: gcc -c -g -O2  conftest.c >&5
configure:3989: $? = 0
configure:3989: result: yes
configure:3989: checking for unistd.h
configure:3989: gcc -c -g -O2  conftest.c >&5
configure:3989: $? = 0
configure:3989: result: yes
configure:4002: checking minix/config.h usability
configure:4002: gcc -c -g -O2  conftest.c >&5
conftest.c:52:10: fatal error: minix/config.h: No such file or directory
   52 | #include <minix/config.h>
      |          ^~~~~~~~~~~~~~~~
compilation terminated.
configure:4002: $? = 1
configure: failed program was:
| /* confdefs.h */
| #define PACKAGE_NAME "libX11"
| #define PACKAGE_TARNAME "libX11"
| #define PACKAGE_VERSION "1.8"
| #define PACKAGE_STRING "libX11 1.8"
| #define PACKAGE_BUGREPORT "https://gitlab.freedesktop.org/xorg/lib/libx11/issues"
| #define PACKAGE_URL ""
| #define STDC_HEADERS 1
| #define HAVE_SYS_TYPES_H 1
| #define HAVE_SYS_STAT_H 1
| #define HAVE_STDLIB_H 1
| #define HAVE_STRING_H 1
| #define HAVE_MEMORY_H 1
| #define HAVE_STRINGS_H 1
| #define HAVE_INTTYPES_H 1
| #define HAVE_STDINT_H 1
| #define HAVE_UNISTD_H 1
| /* end confdefs.h.  */
| #include <stdio.h>
| #ifdef HAVE_SYS_TYPES_H
| # include <sys/types.h>
| #endif
| #ifdef HAVE_SYS_STAT_H
| # include <sys/stat.h>
| #endif
| #ifdef STDC_HEADERS
| # include <stdlib.h>
| # include <stddef.h>
| #else
| # ifdef HAVE_STDLIB_H
| #  include <stdlib.h>
| # endif
| #endif
| #ifdef HAVE_STRING_H
| # if !defined STDC_HEADERS && defined HAVE_MEMORY_H
| #  include <memory.h>
| # endif
| # include <string.h>
| #endif
| #ifdef HAVE_STRINGS_H
| # include <strings.h>
| #endif
| #ifdef HAVE_INTTYPES_H
| # include <inttypes.h>
| #endif
| #ifdef HAVE_STDINT_H
| # include <stdint.h>
| #endif
| #ifdef HAVE_UNISTD_H
| # include <unistd.h>
| #endif
| #include <minix/config.h>
configure:4002: result: no
configure:4002: checking minix/config.h presence
configure:4002: gcc -E  conftest.c
conftest.c:19:10: fatal error: minix/config.h: No such file or directory
   19 | #include <minix/config.h>
      |          ^~~~~~~~~~~~~~~~
compilation terminated.
configure:4002: $? = 1
configure: failed program was:
| /* confdefs.h */
| #define PACKAGE_NAME "libX11"
| #define PACKAGE_TARNAME "libX11"
| #define PACKAGE_VERSION "1.8"
| #define PACKAGE_STRING "libX11 1.8"
| #define PACKAGE_BUGREPORT "https://gitlab.freedesktop.org/xorg/lib/libx11/issues"
| #define PACKAGE_URL ""
| #define STDC_HEADERS 1
| #define HAVE_SYS_TYPES_H 1
| #define HAVE_SYS_STAT_H 1
| #define HAVE_STDLIB_H 1
| #define HAVE_STRING_H 1
| #define HAVE_MEMORY_H 1
| #define HAVE_STRINGS_H 1
| #define HAVE_INTTYPES_H 1
| #define HAVE_STDINT_H 1
| #define HAVE_UNISTD_H 1
| /* end confdefs.h.  */
| #include <minix/config.h>
configure:4002: result: no
configure:4002: checking for minix/config.h
configure:4002: result: no
configure:4023: checking whether it is safe to define __EXTENSIONS__
configure:4041: gcc -c -g -O2  conftest.c >&5
configure:4041: $? = 0
configure:4048: result: yes
configure:4080: checking for a BSD-compatible install
configure:4148: result: /usr/bin/install -c
configure:4159: checking whether build environment is sane
configure:4214: result: yes
configure:4362: checking for a thread-safe mkdir -p
configure:4401: result: /usr/bin/mkdir -p
configure:4408: checking for gawk
configure:4424: found /usr/bin/gawk
configure:4435: result: gawk
configure:4446: checking whether make sets $(MAKE)
configure:4468: result: yes
configure:4490: checking whether make supports the include directive
configure:4505: make -f confmf.GNU && cat confinc.out
this is the am__doit target
configure:4508: $? = 0
configure:4527: result: yes (GNU style)
configure:4560: checking whether make supports nested variables
configure:4577: result: yes
configure:4662: checking dependency style of gcc
configure:4773: result: gcc3
configure:4879: checking how to print strings
configure:4906: result: printf
configure:4927: checking for a sed that does not truncate output
configure:4991: result: /usr/bin/sed
configure:5009: checking for fgrep
configure:5071: result: /usr/bin/grep -F
configure:5106: checking for ld used by gcc
configure:5173: result: /usr/bin/ld
configure:5180: checking if the linker (/usr/bin/ld) is GNU ld
configure:5195: result: yes
configure:5207: checking for BSD- or MS-compatible name lister (nm)
configure:5261: result: /usr/bin/nm -B
configure:5391: checking the name lister (/usr/bin/nm -B) interface
configure:5398: gcc -c -g -O2  conftest.c >&5
configure:5401: /usr/bin/nm -B "conftest.o"
configure:5404: output
0000000000000000 B some_variable
configure:5411: result: BSD nm
configure:5414: checking whether ln -s works
configure:5418: result: yes
configure:5426: checking the maximum length of command line arguments
configure:5557: result: 1572864
configure:5605: checking how to convert x86_64-pc-linux-gnu file names to x86_64-pc-linux-gnu format
configure:5645: result: func_convert_file_noop
configure:5652: checking how to convert x86_64-pc-linux-gnu file names to toolchain format
configure:5672: result: func_convert_file_noop
configure:5679: checking for /usr/bin/ld option to reload object files
configure:5686: result: -r
configure:5760: checking for objdump
configure:5776: found /usr/bin/objdump
configure:5787: result: objdump
configure:5819: checking how to recognize dependent libraries
configure:6019: result: pass_all
configure:6104: checking for dlltool
configure:6134: result: no
configure:6164: checking how to associate runtime and link libraries
configure:6191: result: printf %s\n
configure:6251: checking for ar
configure:6267: found /usr/bin/ar
configure:6278: result: ar
configure:6315: checking for archiver @FILE support
configure:6332: gcc -c -g -O2  conftest.c >&5
configure:6332: $? = 0
configure:6335: ar cru libconftest.a @conftest.lst >&5
ar: `u' modifier ignored since `D' is the default (see `U')
configure:6338: $? = 0
configure:6343: ar cru libconftest.a @conftest.lst >&5
ar: `u' modifier ignored since `D' is the default (see `U')
ar: conftest.o: No such file or directory
configure:6346: $? = 1
configure:6358: result: @
configure:6416: checking for strip
configure:6432: found /usr/bin/strip
configure:6443: result: strip
configure:6515: checking for ranlib
configure:6531: found /usr/bin/ranlib
configure:6542: result: ranlib
configure:6644: checking command to parse /usr/bin/nm -B output from gcc object
configure:6797: gcc -c -g -O2  conftest.c >&5
configure:6800: $? = 0
configure:6804: /usr/bin/nm -B conftest.o \| sed -n -e 's/^.*[ ]\([ABCDGIRSTW][ABCDGIRSTW]*\)[ ][ ]*\([_A-Za-z][_A-Za-z0-9]*\)$/\1 \2 \2/p' | sed '/ __gnu_lto/d' \> conftest.nm
configure:6807: $? = 0
configure:6873: gcc -o conftest -g -O2   conftest.c conftstm.o >&5
configure:6876: $? = 0
configure:6914: result: ok
configure:6961: checking for sysroot
configure:6991: result: no
configure:6998: checking for a working dd
configure:7036: result: /usr/bin/dd
configure:7040: checking how to truncate binary pipes
configure:7055: result: /usr/bin/dd bs=4096 count=1
configure:7191: gcc -c -g -O2  conftest.c >&5
configure:7194: $? = 0
configure:7384: checking for mt
configure:7400: found /usr/bin/mt
configure:7411: result: mt
configure:7434: checking if mt is a manifest tool
configure:7440: mt '-?'
configure:7448: result: no
configure:8122: checking for dlfcn.h
configure:8122: gcc -c -g -O2  conftest.c >&5
configure:8122: $? = 0
configure:8122: result: yes
configure:8378: checking for objdir
configure:8393: result: .libs
configure:8657: checking if gcc supports -fno-rtti -fno-exceptions
configure:8675: gcc -c -g -O2  -fno-rtti -fno-exceptions conftest.c >&5
cc1: warning: command-line option '-fno-rtti' is valid for C++/D/ObjC++ but not for C
configure:8679: $? = 0
configure:8692: result: no
configure:9050: checking for gcc option to produce PIC
configure:9057: result: -fPIC -DPIC
configure:9065: checking if gcc PIC flag -fPIC -DPIC works
configure:9083: gcc -c -g -O2  -fPIC -DPIC -DPIC conftest.c >&5
configure:9087: $? = 0
configure:9100: result: yes
configure:9129: checking if gcc static flag -static works
configure:9157: result: yes
configure:9172: checking if gcc supports -c -o file.o
configure:9193: gcc -c -g -O2  -o out/conftest2.o conftest.c >&5
configure:9197: $? = 0
configure:9219: result: yes
configure:9227: checking if gcc supports -c -o file.o
configure:9274: result: yes
configure:9307: checking whether the gcc linker (/usr/bin/ld -m elf_x86_64) supports shared libraries
configure:10566: result: yes
configure:10603: checking whether -lc should be explicitly linked in
configure:10611: gcc -c -g -O2  conftest.c >&5
configure:10614: $? = 0
configure:10629: gcc -shared  -fPIC -DPIC conftest.o  -v -Wl,-soname -Wl,conftest -o conftest 2\>\&1 \| /usr/bin/grep  -lc  \>/dev/null 2\>\&1
configure:10632: $? = 0
configure:10646: result: no
configure:10806: checking dynamic linker characteristics
configure:11387: gcc -o conftest -g -O2   -Wl,-rpath -Wl,/foo conftest.c  >&5
configure:11387: $? = 0
configure:11627: result: GNU/Linux ld.so
configure:11749: checking how to hardcode library paths into programs
configure:11774: result: immediate
configure:12322: checking whether stripping libraries is possible
configure:12327: result: yes
configure:12362: checking if libtool supports shared libraries
configure:12364: result: yes
configure:12367: checking whether to build shared libraries
configure:12392: result: yes
configure:12395: checking whether to build static libraries
configure:12399: result: yes
configure:12444: checking for special C compiler options needed for large files
configure:12489: result: no
configure:12495: checking for _FILE_OFFSET_BITS value needed for large files
configure:12520: gcc -c -g -O2  conftest.c >&5
configure:12520: $? = 0
configure:12552: result: no
configure:12650: checking for gcc option to accept ISO C99
configure:12799: gcc  -c -g -O2  conftest.c >&5
configure:12799: $? = 0
configure:12812: result: none needed
configure:12831: checking whether __clang__ is declared
configure:12831: gcc -c -g -O2  conftest.c >&5
conftest.c: In function 'main':
conftest.c:68:10: error: '__clang__' undeclared (first use in this function)
   68 |   (void) __clang__;
      |          ^~~~~~~~~
conftest.c:68:10: note: each undeclared identifier is reported only once for each function it appears in
configure:12831: $? = 1
configure: failed program was:
| /* confdefs.h */
| #define PACKAGE_NAME "libX11"
| #define PACKAGE_TARNAME "libX11"
| #define PACKAGE_VERSION "1.8"
| #define PACKAGE_STRING "libX11 1.8"
| #define PACKAGE_BUGREPORT "https://gitlab.freedesktop.org/xorg/lib/libx11/issues"
| #define PACKAGE_URL ""
| #define STDC_HEADERS 1
| #define HAVE_SYS_TYPES_H 1
| #define HAVE_SYS_STAT_H 1
| #define HAVE_STDLIB_H 1
| #define HAVE_STRING_H 1
| #define HAVE_MEMORY_H 1
| #define HAVE_STRINGS_H 1
| #define HAVE_INTTYPES_H 1
| #define HAVE_STDINT_H 1
| #define HAVE_UNISTD_H 1
| #define __EXTENSIONS__ 1
| #define _ALL_SOURCE 1
| #define _GNU_SOURCE 1
| #define _POSIX_PTHREAD_SEMANTICS 1
| #define _TANDEM_SOURCE 1
| #define PACKAGE "libX11"
| #define VERSION "1.8"
| #define HAVE_DLFCN_H 1
| #define LT_OBJDIR ".libs/"
| /* end confdefs.h.  */
| #include <stdio.h>
| #ifdef HAVE_SYS_TYPES_H
| # include <sys/types.h>
| #endif
| #ifdef HAVE_SYS_STAT_H
| # include <sys/stat.h>
| #endif
| #ifdef STDC_HEADERS
| # include <stdlib.h>
| # include <stddef.h>
| #else
| # ifdef HAVE_STDLIB_H
| #  include <stdlib.h>
| # endif
| #endif
| #ifdef HAVE_STRING_H
| # if !defined STDC_HEADERS && defined HAVE_MEMORY_H
| #  include <memory.h>
| # endif
| # include <string.h>
| #endif
| #ifdef HAVE_STRINGS_H
| # include <strings.h>
| #endif
| #ifdef HAVE_INTTYPES_H
| # include <inttypes.h>
| #endif
| #ifdef HAVE_STDINT_H
| # include <stdint.h>
| #endif
| #ifdef HAVE_UNISTD_H
| # include <unistd.h>
| #endif
| int
| main ()
| {
| #ifndef __clang__
| #ifdef __cplusplus
|   (void) __clang__;
| #else
|   (void) __clang__;
| #endif
| #endif
| 
|   ;
|   return 0;
| }
configure:12831: result: no
configure:12838: checking whether __INTEL_COMPILER is declared
configure:12838: gcc -c -g -O2  conftest.c >&5
conftest.c: In function 'main':
conftest.c:68:10: error: '__INTEL_COMPILER' undeclared (first use in this function)
   68 |   (void) __INTEL_COMPILER;
      |          ^~~~~~~~~~~~~~~~
conftest.c:68:10: note: each undeclared identifier is reported only once for each function it appears in
configure:12838: $? = 1
configure: failed program was:
| /* confdefs.h */
| #define PACKAGE_NAME "libX11"
| #define PACKAGE_TARNAME "libX11"
| #define PACKAGE_VERSION "1.8"
| #define PACKAGE_STRING "libX11 1.8"
| #define PACKAGE_BUGREPORT "https://gitlab.freedesktop.org/xorg/lib/libx11/issues"
| #define PACKAGE_URL ""
| #define STDC_HEADERS 1
| #define HAVE_SYS_TYPES_H 1
| #define HAVE_SYS_STAT_H 1
| #define HAVE_STDLIB_H 1
| #define HAVE_STRING_H 1
| #define HAVE_MEMORY_H 1
| #define HAVE_STRINGS_H 1
| #define HAVE_INTTYPES_H 1
| #define HAVE_STDINT_H 1
| #define HAVE_UNISTD_H 1
| #define __EXTENSIONS__ 1
| #define _ALL_SOURCE 1
| #define _GNU_SOURCE 1
| #define _POSIX_PTHREAD_SEMANTICS 1
| #define _TANDEM_SOURCE 1
| #define PACKAGE "libX11"
| #define VERSION "1.8"
| #define HAVE_DLFCN_H 1
| #define LT_OBJDIR ".libs/"
| /* end confdefs.h.  */
| #include <stdio.h>
| #ifdef HAVE_SYS_TYPES_H
| # include <sys/types.h>
| #endif
| #ifdef HAVE_SYS_STAT_H
| # include <sys/stat.h>
| #endif
| #ifdef STDC_HEADERS
| # include <stdlib.h>
| # include <stddef.h>
| #else
| # ifdef HAVE_STDLIB_H
| #  include <stdlib.h>
| # endif
| #endif
| #ifdef HAVE_STRING_H
| # if !defined STDC_HEADERS && defined HAVE_MEMORY_H
| #  include <memory.h>
| # endif
| # include <string.h>
| #endif
| #ifdef HAVE_STRINGS_H
| # include <strings.h>
| #endif
| #ifdef HAVE_INTTYPES_H
| # include <inttypes.h>
| #endif
| #ifdef HAVE_STDINT_H
| # include <stdint.h>
| #endif
| #ifdef HAVE_UNISTD_H
| # include <unistd.h>
| #endif
| int
| main ()
| {
| #ifndef __INTEL_COMPILER
| #ifdef __cplusplus
|   (void) __INTEL_COMPILER;
| #else
|   (void) __INTEL_COMPILER;
| #endif
| #endif
| 
|   ;
|   return 0;
| }
configure:12838: result: no
configure:12845: checking whether __SUNPRO_C is declared
configure:12845: gcc -c -g -O2  conftest.c >&5
conftest.c: In function 'main':
conftest.c:68:10: error: '__SUNPRO_C' undeclared (first use in this function)
   68 |   (void) __SUNPRO_C;
      |          ^~~~~~~~~~
conftest.c:68:10: note: each undeclared identifier is reported only once for each function it appears in
configure:12845: $? = 1
configure: failed program was:
| /* confdefs.h */
| #define PACKAGE_NAME "libX11"
| #define PACKAGE_TARNAME "libX11"
| #define PACKAGE_VERSION "1.8"
| #define PACKAGE_STRING "libX11 1.8"
| #define PACKAGE_BUGREPORT "https://gitlab.freedesktop.org/xorg/lib/libx11/issues"
| #define PACKAGE_URL ""
| #define STDC_HEADERS 1
| #define HAVE_SYS_TYPES_H 1
| #define HAVE_SYS_STAT_H 1
| #define HAVE_STDLIB_H 1
| #define HAVE_STRING_H 1
| #define HAVE_MEMORY_H 1
| #define HAVE_STRINGS_H 1
| #define HAVE_INTTYPES_H 1
| #define HAVE_STDINT_H 1
| #define HAVE_UNISTD_H 1
| #define __EXTENSIONS__ 1
| #define _ALL_SOURCE 1
| #define _GNU_SOURCE 1
| #define _POSIX_PTHREAD_SEMANTICS 1
| #define _TANDEM_SOURCE 1
| #define PACKAGE "libX11"
| #define VERSION "1.8"
| #define HAVE_DLFCN_H 1
| #define LT_OBJDIR ".libs/"
| /* end confdefs.h.  */
| #include <stdio.h>
| #ifdef HAVE_SYS_TYPES_H
| # include <sys/types.h>
| #endif
| #ifdef HAVE_SYS_STAT_H
| # include <sys/stat.h>
| #endif
| #ifdef STDC_HEADERS
| # include <stdlib.h>
| # include <stddef.h>
| #else
| # ifdef HAVE_STDLIB_H
| #  include <stdlib.h>
| # endif
| #endif
| #ifdef HAVE_STRING_H
| # if !defined STDC_HEADERS && defined HAVE_MEMORY_H
| #  include <memory.h>
| # endif
| # include <string.h>
| #endif
| #ifdef HAVE_STRINGS_H
| # include <strings.h>
| #endif
| #ifdef HAVE_INTTYPES_H
| # include <inttypes.h>
| #endif
| #ifdef HAVE_STDINT_H
| # include <stdint.h>
| #endif
| #ifdef HAVE_UNISTD_H
| # include <unistd.h>
| #endif
| int
| main ()
| {
| #ifndef __SUNPRO_C
| #ifdef __cplusplus
|   (void) __SUNPRO_C;
| #else
|   (void) __SUNPRO_C;
| #endif
| #endif
| 
|   ;
|   return 0;
| }
configure:12845: result: no
configure:12907: checking for pkg-config
configure:12925: found /usr/bin/pkg-config
configure:12937: result: /usr/bin/pkg-config
configure:12962: checking pkg-config is at least version 0.9.0
configure:12965: result: yes
configure:13014: checking if gcc supports -Werror=unknown-warning-option
configure:13023: gcc -c -g -O2 -Werror=unknown-warning-option  conftest.c >&5
cc1: error: '-Werror=unknown-warning-option': no option '-Wunknown-warning-option'
configure:13023: $? = 1
configure: failed program was:
| /* confdefs.h */
| #define PACKAGE_NAME "libX11"
| #define PACKAGE_TARNAME "libX11"
| #define PACKAGE_VERSION "1.8"
| #define PACKAGE_STRING "libX11 1.8"
| #define PACKAGE_BUGREPORT "https://gitlab.freedesktop.org/xorg/lib/libx11/issues"
| #define PACKAGE_URL ""
| #define STDC_HEADERS 1
| #define HAVE_SYS_TYPES_H 1
| #define HAVE_SYS_STAT_H 1
| #define HAVE_STDLIB_H 1
| #define HAVE_STRING_H 1
| #define HAVE_MEMORY_H 1
| #define HAVE_STRINGS_H 1
| #define HAVE_INTTYPES_H 1
| #define HAVE_STDINT_H 1
| #define HAVE_UNISTD_H 1
| #define __EXTENSIONS__ 1
| #define _ALL_SOURCE 1
| #define _GNU_SOURCE 1
| #define _POSIX_PTHREAD_SEMANTICS 1
| #define _TANDEM_SOURCE 1
| #define PACKAGE "libX11"
| #define VERSION "1.8"
| #define HAVE_DLFCN_H 1
| #define LT_OBJDIR ".libs/"
| /* end confdefs.h.  */
| int i;
configure:13030: result: no
configure:13041: checking if gcc supports -Werror=unused-command-line-argument
configure:13050: gcc -c -g -O2 -Werror=unused-command-line-argument  conftest.c >&5
cc1: error: '-Werror=unused-command-line-argument': no option '-Wunused-command-line-argument'; did you mean '-Wunused-dummy-argument'?
configure:13050: $? = 1
configure: failed program was:
| /* confdefs.h */
| #define PACKAGE_NAME "libX11"
| #define PACKAGE_TARNAME "libX11"
| #define PACKAGE_VERSION "1.8"
| #define PACKAGE_STRING "libX11 1.8"
| #define PACKAGE_BUGREPORT "https://gitlab.freedesktop.org/xorg/lib/libx11/issues"
| #define PACKAGE_URL ""
| #define STDC_HEADERS 1
| #define HAVE_SYS_TYPES_H 1
| #define HAVE_SYS_STAT_H 1
| #define HAVE_STDLIB_H 1
| #define HAVE_STRING_H 1
| #define HAVE_MEMORY_H 1
| #define HAVE_STRINGS_H 1
| #define HAVE_INTTYPES_H 1
| #define HAVE_STDINT_H 1
| #define HAVE_UNISTD_H 1
| #define __EXTENSIONS__ 1
| #define _ALL_SOURCE 1
| #define _GNU_SOURCE 1
| #define _POSIX_PTHREAD_SEMANTICS 1
| #define _TANDEM_SOURCE 1
| #define PACKAGE "libX11"
| #define VERSION "1.8"
| #define HAVE_DLFCN_H 1
| #define LT_OBJDIR ".libs/"
| /* end confdefs.h.  */
| int i;
configure:13057: result: no
configure:13076: checking if gcc supports -Wall
configure:13093: gcc -o conftest -g -O2 -Wall   conftest.c  >&5
configure:13093: $? = 0
configure:13106: result: yes
configure:13194: checking if gcc supports -Wpointer-arith
configure:13211: gcc -o conftest -g -O2 -Wpointer-arith   conftest.c  >&5
configure:13211: $? = 0
configure:13224: result: yes
configure:13312: checking if gcc supports -Wmissing-declarations
configure:13329: gcc -o conftest -g -O2 -Wmissing-declarations   conftest.c  >&5
configure:13329: $? = 0
configure:13342: result: yes
configure:13430: checking if gcc supports -Wformat=2
configure:13447: gcc -o conftest -g -O2 -Wformat=2   conftest.c  >&5
configure:13447: $? = 0
configure:13460: result: yes
configure:13599: checking if gcc supports -Wstrict-prototypes
configure:13616: gcc -o conftest -g -O2 -Wstrict-prototypes   conftest.c  >&5
conftest.c:30:1: warning: function declaration isn't a prototype [-Wstrict-prototypes]
   30 | main ()
      | ^~~~
configure:13616: $? = 0
configure:13629: result: yes
configure:13717: checking if gcc supports -Wmissing-prototypes
configure:13734: gcc -o conftest -g -O2 -Wmissing-prototypes   conftest.c  >&5
configure:13734: $? = 0
configure:13747: result: yes
configure:13835: checking if gcc supports -Wnested-externs
configure:13852: gcc -o conftest -g -O2 -Wnested-externs   conftest.c  >&5
configure:13852: $? = 0
configure:13865: result: yes
configure:13953: checking if gcc supports -Wbad-function-cast
configure:13970: gcc -o conftest -g -O2 -Wbad-function-cast   conftest.c  >&5
configure:13970: $? = 0
configure:13983: result: yes
configure:14071: checking if gcc supports -Wold-style-definition
configure:14088: gcc -o conftest -g -O2 -Wold-style-definition   conftest.c  >&5
conftest.c: In function 'main':
conftest.c:30:1: warning: old-style function definition [-Wold-style-definition]
   30 | main ()
      | ^~~~
configure:14088: $? = 0
configure:14101: result: yes
configure:14238: checking if gcc supports -Wdeclaration-after-statement
configure:14255: gcc -o conftest -g -O2 -Wdeclaration-after-statement   conftest.c  >&5
configure:14255: $? = 0
configure:14268: result: yes
configure:14360: checking if gcc supports -Wunused
configure:14377: gcc -o conftest -g -O2 -Wunused   conftest.c  >&5
configure:14377: $? = 0
configure:14390: result: yes
configure:14478: checking if gcc supports -Wuninitialized
configure:14495: gcc -o conftest -g -O2 -Wuninitialized   conftest.c  >&5
configure:14495: $? = 0
configure:14508: result: yes
configure:14596: checking if gcc supports -Wshadow
configure:14613: gcc -o conftest -g -O2 -Wshadow   conftest.c  >&5
configure:14613: $? = 0
configure:14626: result: yes
configure:14714: checking if gcc supports -Wmissing-noreturn
configure:14731: gcc -o conftest -g -O2 -Wmissing-noreturn   conftest.c  >&5
configure:14731: $? = 0
configure:14744: result: yes
configure:14832: checking if gcc supports -Wmissing-format-attribute
configure:14849: gcc -o conftest -g -O2 -Wmissing-format-attribute   conftest.c  >&5
configure:14849: $? = 0
configure:14862: result: yes
configure:14950: checking if gcc supports -Wredundant-decls
configure:14967: gcc -o conftest -g -O2 -Wredundant-decls   conftest.c  >&5
configure:14967: $? = 0
configure:14980: result: yes
configure:15068: checking if gcc supports -Wlogical-op
configure:15085: gcc -o conftest -g -O2 -Wlogical-op   conftest.c  >&5
configure:15085: $? = 0
configure:15098: result: yes
configure:15198: checking if gcc supports -Werror=implicit
configure:15215: gcc -o conftest -g -O2 -Werror=implicit   conftest.c  >&5
configure:15215: $? = 0
configure:15228: result: yes
configure:15365: checking if gcc supports -Werror=nonnull
configure:15382: gcc -o conftest -g -O2 -Werror=nonnull   conftest.c  >&5
configure:15382: $? = 0
configure:15395: result: yes
configure:15483: checking if gcc supports -Werror=init-self
configure:15500: gcc -o conftest -g -O2 -Werror=init-self   conftest.c  >&5
configure:15500: $? = 0
configure:15513: result: yes
configure:15601: checking if gcc supports -Werror=main
configure:15618: gcc -o conftest -g -O2 -Werror=main   conftest.c  >&5
configure:15618: $? = 0
configure:15631: result: yes
configure:15719: checking if gcc supports -Werror=missing-braces
configure:15736: gcc -o conftest -g -O2 -Werror=missing-braces   conftest.c  >&5
configure:15736: $? = 0
configure:15749: result: yes
configure:15837: checking if gcc supports -Werror=sequence-point
configure:15854: gcc -o conftest -g -O2 -Werror=sequence-point   conftest.c  >&5
configure:15854: $? = 0
configure:15867: result: yes
configure:15955: checking if gcc supports -Werror=return-type
configure:15972: gcc -o conftest -g -O2 -Werror=return-type   conftest.c  >&5
configure:15972: $? = 0
configure:15985: result: yes
configure:16122: checking if gcc supports -Werror=trigraphs
configure:16139: gcc -o conftest -g -O2 -Werror=trigraphs   conftest.c  >&5
configure:16139: $? = 0
configure:16152: result: yes
configure:16240: checking if gcc supports -Werror=array-bounds
configure:16257: gcc -o conftest -g -O2 -Werror=array-bounds   conftest.c  >&5
configure:16257: $? = 0
configure:16270: result: yes
configure:16358: checking if gcc supports -Werror=write-strings
configure:16375: gcc -o conftest -g -O2 -Werror=write-strings   conftest.c  >&5
configure:16375: $? = 0
configure:16388: result: yes
configure:16476: checking if gcc supports -Werror=address
configure:16493: gcc -o conftest -g -O2 -Werror=address   conftest.c  >&5
configure:16493: $? = 0
configure:16506: result: yes
configure:16594: checking if gcc supports -Werror=int-to-pointer-cast
configure:16611: gcc -o conftest -g -O2 -Werror=int-to-pointer-cast   conftest.c  >&5
configure:16611: $? = 0
configure:16624: result: yes
configure:16761: checking if gcc supports -Werror=pointer-to-int-cast
configure:16778: gcc -o conftest -g -O2 -Werror=pointer-to-int-cast   conftest.c  >&5
configure:16778: $? = 0
configure:16791: result: yes
configure:18449: checking if gcc supports -pedantic
configure:18466: gcc -o conftest -g -O2 -pedantic   conftest.c  >&5
configure:18466: $? = 0
configure:18479: result: yes
configure:18567: checking if gcc supports -Werror
configure:18584: gcc -o conftest -g -O2 -Werror   conftest.c  >&5
configure:18584: $? = 0
configure:18597: result: yes
configure:18737: checking if gcc supports -Werror=attributes
configure:18754: gcc -o conftest -g -O2 -Werror=attributes   conftest.c  >&5
configure:18754: $? = 0
configure:18767: result: yes
configure:18959: checking whether make supports nested variables
configure:18976: result: yes
configure:19006: checking whether to build functional specifications
configure:19008: result: yes
configure:19027: checking for xmlto
configure:19060: result: no
configure:19066: WARNING: xmlto not found - documentation targets will be skipped
configure:19344: checking for xsltproc
configure:19377: result: no
configure:19383: WARNING: xsltproc not found - cannot transform XML documents
configure:19454: checking for X.Org SGML entities >= 1.10
configure:19458: $PKG_CONFIG --exists --print-errors "xorg-sgml-doctools >= 1.10"
configure:19461: $? = 0
configure:19472: result: /usr/share/sgml
configure:19542: checking for cpp
configure:19561: found /usr/bin/cpp
configure:19573: result: /usr/bin/cpp
configure:19599: checking if /usr/bin/cpp requires -undef
configure:19611: result: yes
configure:19624: checking if /usr/bin/cpp requires -traditional
configure:19637: result: yes
configure:19665: checking for perl
configure:19683: found /usr/bin/perl
configure:19695: result: /usr/bin/perl
configure:19830: checking for pkg-config
configure:19860: result: /usr/bin/pkg-config
configure:19885: checking pkg-config is at least version 0.9.0
configure:19888: result: yes
configure:20036: checking for pkg-config
configure:20066: result: /usr/bin/pkg-config
configure:20091: checking pkg-config is at least version 0.9.0
configure:20094: result: yes
configure:20128: checking if Xtrans should support UNIX socket connections
configure:20135: result: yes
configure:20144: checking if Xtrans should support TCP socket connections
configure:20146: result: yes
configure:20154: checking for library containing socket
configure:20185: gcc -o conftest -g -O2   conftest.c  >&5
configure:20185: $? = 0
configure:20202: result: none required
configure:20210: checking for library containing gethostbyname
configure:20241: gcc -o conftest -g -O2   conftest.c  >&5
configure:20241: $? = 0
configure:20258: result: none required
configure:20313: checking for getaddrinfo
configure:20313: gcc -o conftest -g -O2   conftest.c  >&5
configure:20313: $? = 0
configure:20313: result: yes
configure:20322: checking if IPv6 support should be built
configure:20329: result: yes
configure:20333: checking for struct sockaddr_in.sin_len
configure:20333: gcc -c -g -O2  conftest.c >&5
conftest.c: In function 'main':
conftest.c:44:12: error: 'struct sockaddr_in' has no member named 'sin_len'
   44 | if (ac_aggr.sin_len)
      |            ^
configure:20333: $? = 1
configure: failed program was:
| /* confdefs.h */
| #define PACKAGE_NAME "libX11"
| #define PACKAGE_TARNAME "libX11"
| #define PACKAGE_VERSION "1.8"
| #define PACKAGE_STRING "libX11 1.8"
| #define PACKAGE_BUGREPORT "https://gitlab.freedesktop.org/xorg/lib/libx11/issues"
| #define PACKAGE_URL ""
| #define STDC_HEADERS 1
| #define HAVE_SYS_TYPES_H 1
| #define HAVE_SYS_STAT_H 1
| #define HAVE_STDLIB_H 1
| #define HAVE_STRING_H 1
| #define HAVE_MEMORY_H 1
| #define HAVE_STRINGS_H 1
| #define HAVE_INTTYPES_H 1
| #define HAVE_STDINT_H 1
| #define HAVE_UNISTD_H 1
| #define __EXTENSIONS__ 1
| #define _ALL_SOURCE 1
| #define _GNU_SOURCE 1
| #define _POSIX_PTHREAD_SEMANTICS 1
| #define _TANDEM_SOURCE 1
| #define PACKAGE "libX11"
| #define VERSION "1.8"
| #define HAVE_DLFCN_H 1
| #define LT_OBJDIR ".libs/"
| #define PACKAGE_VERSION_MAJOR 1
| #define PACKAGE_VERSION_MINOR 8
| #define PACKAGE_VERSION_PATCHLEVEL 0
| #define UNIXCONN 1
| #define TCPCONN 1
| #define IPv6 1
| /* end confdefs.h.  */
| 
| #include <sys/types.h>
| #include <sys/socket.h>
| #include <netinet/in.h>
| 
| 
| int
| main ()
| {
| static struct sockaddr_in ac_aggr;
| if (ac_aggr.sin_len)
| return 0;
|   ;
|   return 0;
| }
configure:20333: gcc -c -g -O2  conftest.c >&5
conftest.c: In function 'main':
conftest.c:44:19: error: 'struct sockaddr_in' has no member named 'sin_len'
   44 | if (sizeof ac_aggr.sin_len)
      |                   ^
configure:20333: $? = 1
configure: failed program was:
| /* confdefs.h */
| #define PACKAGE_NAME "libX11"
| #define PACKAGE_TARNAME "libX11"
| #define PACKAGE_VERSION "1.8"
| #define PACKAGE_STRING "libX11 1.8"
| #define PACKAGE_BUGREPORT "https://gitlab.freedesktop.org/xorg/lib/libx11/issues"
| #define PACKAGE_URL ""
| #define STDC_HEADERS 1
| #define HAVE_SYS_TYPES_H 1
| #define HAVE_SYS_STAT_H 1
| #define HAVE_STDLIB_H 1
| #define HAVE_STRING_H 1
| #define HAVE_MEMORY_H 1
| #define HAVE_STRINGS_H 1
| #define HAVE_INTTYPES_H 1
| #define HAVE_STDINT_H 1
| #define HAVE_UNISTD_H 1
| #define __EXTENSIONS__ 1
| #define _ALL_SOURCE 1
| #define _GNU_SOURCE 1
| #define _POSIX_PTHREAD_SEMANTICS 1
| #define _TANDEM_SOURCE 1
| #define PACKAGE "libX11"
| #define VERSION "1.8"
| #define HAVE_DLFCN_H 1
| #define LT_OBJDIR ".libs/"
| #define PACKAGE_VERSION_MAJOR 1
| #define PACKAGE_VERSION_MINOR 8
| #define PACKAGE_VERSION_PATCHLEVEL 0
| #define UNIXCONN 1
| #define TCPCONN 1
| #define IPv6 1
| /* end confdefs.h.  */
| 
| #include <sys/types.h>
| #include <sys/socket.h>
| #include <netinet/in.h>
| 
| 
| int
| main ()
| {
| static struct sockaddr_in ac_aggr;
| if (sizeof ac_aggr.sin_len)
| return 0;
|   ;
|   return 0;
| }
configure:20333: result: no
configure:20347: checking for socklen_t
configure:20347: gcc -c -g -O2  conftest.c >&5
configure:20347: $? = 0
configure:20347: gcc -c -g -O2  conftest.c >&5
conftest.c: In function 'main':
conftest.c:73:24: error: expected expression before ')' token
   73 | if (sizeof ((socklen_t)))
      |                        ^
configure:20347: $? = 1
configure: failed program was:
| /* confdefs.h */
| #define PACKAGE_NAME "libX11"
| #define PACKAGE_TARNAME "libX11"
| #define PACKAGE_VERSION "1.8"
| #define PACKAGE_STRING "libX11 1.8"
| #define PACKAGE_BUGREPORT "https://gitlab.freedesktop.org/xorg/lib/libx11/issues"
| #define PACKAGE_URL ""
| #define STDC_HEADERS 1
| #define HAVE_SYS_TYPES_H 1
| #define HAVE_SYS_STAT_H 1
| #define HAVE_STDLIB_H 1
| #define HAVE_STRING_H 1
| #define HAVE_MEMORY_H 1
| #define HAVE_STRINGS_H 1
| #define HAVE_INTTYPES_H 1
| #define HAVE_STDINT_H 1
| #define HAVE_UNISTD_H 1
| #define __EXTENSIONS__ 1
| #define _ALL_SOURCE 1
| #define _GNU_SOURCE 1
| #define _POSIX_PTHREAD_SEMANTICS 1
| #define _TANDEM_SOURCE 1
| #define PACKAGE "libX11"
| #define VERSION "1.8"
| #define HAVE_DLFCN_H 1
| #define LT_OBJDIR ".libs/"
| #define PACKAGE_VERSION_MAJOR 1
| #define PACKAGE_VERSION_MINOR 8
| #define PACKAGE_VERSION_PATCHLEVEL 0
| #define UNIXCONN 1
| #define TCPCONN 1
| #define IPv6 1
| /* end confdefs.h.  */
| 
| #include <stdio.h>
| #ifdef HAVE_SYS_TYPES_H
| # include <sys/types.h>
| #endif
| #ifdef HAVE_SYS_STAT_H
| # include <sys/stat.h>
| #endif
| #ifdef STDC_HEADERS
| # include <stdlib.h>
| # include <stddef.h>
| #else
| # ifdef HAVE_STDLIB_H
| #  include <stdlib.h>
| # endif
| #endif
| #ifdef HAVE_STRING_H
| # if !defined STDC_HEADERS && defined HAVE_MEMORY_H
| #  include <memory.h>
| # endif
| # include <string.h>
| #endif
| #ifdef HAVE_STRINGS_H
| # include <strings.h>
| #endif
| #ifdef HAVE_INTTYPES_H
| # include <inttypes.h>
| #endif
| #ifdef HAVE_STDINT_H
| # include <stdint.h>
| #endif
| #ifdef HAVE_UNISTD_H
| # include <unistd.h>
| #endif
| #include <sys/socket.h>
| 
| int
| main ()
| {
| if (sizeof ((socklen_t)))
| 	    return 0;
|   ;
|   return 0;
| }
configure:20347: result: yes
configure:20363: checking for struct msghdr.msg_control
configure:20363: gcc -c -g -O2  conftest.c >&5
configure:20363: $? = 0
configure:20363: result: yes
configure:20425: checking if Xtrans should support os-specific local connections
configure:20427: result: no
configure:20439: checking for strcasecmp
configure:20439: gcc -o conftest -g -O2   conftest.c  >&5
conftest.c:58:6: warning: conflicting types for built-in function 'strcasecmp'; expected 'int(const char *, const char *)' [-Wbuiltin-declaration-mismatch]
   58 | char strcasecmp ();
      |      ^~~~~~~~~~
configure:20439: $? = 0
configure:20439: result: yes
configure:20439: checking for strlcpy
configure:20439: gcc -o conftest -g -O2   conftest.c  >&5
/usr/bin/ld: /tmp/ccoaJbiU.o: in function `main':
/home/leuleu/Documents/dev/42_projects/github_aleuleu/FdF/libX11-1.8/conftest.c:70: undefined reference to `strlcpy'
collect2: error: ld returned 1 exit status
configure:20439: $? = 1
configure: failed program was:
| /* confdefs.h */
| #define PACKAGE_NAME "libX11"
| #define PACKAGE_TARNAME "libX11"
| #define PACKAGE_VERSION "1.8"
| #define PACKAGE_STRING "libX11 1.8"
| #define PACKAGE_BUGREPORT "https://gitlab.freedesktop.org/xorg/lib/libx11/issues"
| #define PACKAGE_URL ""
| #define STDC_HEADERS 1
| #define HAVE_SYS_TYPES_H 1
| #define HAVE_SYS_STAT_H 1
| #define HAVE_STDLIB_H 1
| #define HAVE_STRING_H 1
| #define HAVE_MEMORY_H 1
| #define HAVE_STRINGS_H 1
| #define HAVE_INTTYPES_H 1
| #define HAVE_STDINT_H 1
| #define HAVE_UNISTD_H 1
| #define __EXTENSIONS__ 1
| #define _ALL_SOURCE 1
| #define _GNU_SOURCE 1
| #define _POSIX_PTHREAD_SEMANTICS 1
| #define _TANDEM_SOURCE 1
| #define PACKAGE "libX11"
| #define VERSION "1.8"
| #define HAVE_DLFCN_H 1
| #define LT_OBJDIR ".libs/"
| #define PACKAGE_VERSION_MAJOR 1
| #define PACKAGE_VERSION_MINOR 8
| #define PACKAGE_VERSION_PATCHLEVEL 0
| #define UNIXCONN 1
| #define TCPCONN 1
| #define IPv6 1
| #define HAVE_SOCKLEN_T 1
| #define HAVE_STRCASECMP 1
| /* end confdefs.h.  */
| /* Define strlcpy to an innocuous variant, in case <limits.h> declares strlcpy.
|    For example, HP-UX 11i <limits.h> declares gettimeofday.  */
| #define strlcpy innocuous_strlcpy
| 
| /* System header to define __stub macros and hopefully few prototypes,
|     which can conflict with char strlcpy (); below.
|     Prefer <limits.h> to <assert.h> if __STDC__ is defined, since
|     <limits.h> exists even on freestanding compilers.  */
| 
| #ifdef __STDC__
| # include <limits.h>
| #else
| # include <assert.h>
| #endif
| 
| #undef strlcpy
| 
| /* Override any GCC internal prototype to avoid an error.
|    Use char because int might match the return type of a GCC
|    builtin and then its argument prototype would still apply.  */
| #ifdef __cplusplus
| extern "C"
| #endif
| char strlcpy ();
| /* The GNU C library defines this for functions which it implements
|     to always fail with ENOSYS.  Some functions are actually named
|     something starting with __ and the normal name is an alias.  */
| #if defined __stub_strlcpy || defined __stub___strlcpy
| choke me
| #endif
| 
| int
| main ()
| {
| return strlcpy ();
|   ;
|   return 0;
| }
configure:20439: result: no
configure:20452: checking if run-time linking is supported
configure:20454: checking for library containing dlopen
configure:20485: gcc -o conftest -g -O2   conftest.c  >&5
configure:20485: $? = 0
configure:20502: result: none required
configure:20590: checking for dlfcn.h
configure:20590: result: yes
configure:20606: result: yes
configure:20609: checking if loadable i18n module support should be enabled
configure:20628: result: no
configure:20640: checking if loadable Xcursor library support should be enabled
configure:20654: result: yes
configure:20674: checking sys/filio.h usability
configure:20674: gcc -c -g -O2  conftest.c >&5
conftest.c:72:10: fatal error: sys/filio.h: No such file or directory
   72 | #include <sys/filio.h>
      |          ^~~~~~~~~~~~~
compilation terminated.
configure:20674: $? = 1
configure: failed program was:
| /* confdefs.h */
| #define PACKAGE_NAME "libX11"
| #define PACKAGE_TARNAME "libX11"
| #define PACKAGE_VERSION "1.8"
| #define PACKAGE_STRING "libX11 1.8"
| #define PACKAGE_BUGREPORT "https://gitlab.freedesktop.org/xorg/lib/libx11/issues"
| #define PACKAGE_URL ""
| #define STDC_HEADERS 1
| #define HAVE_SYS_TYPES_H 1
| #define HAVE_SYS_STAT_H 1
| #define HAVE_STDLIB_H 1
| #define HAVE_STRING_H 1
| #define HAVE_MEMORY_H 1
| #define HAVE_STRINGS_H 1
| #define HAVE_INTTYPES_H 1
| #define HAVE_STDINT_H 1
| #define HAVE_UNISTD_H 1
| #define __EXTENSIONS__ 1
| #define _ALL_SOURCE 1
| #define _GNU_SOURCE 1
| #define _POSIX_PTHREAD_SEMANTICS 1
| #define _TANDEM_SOURCE 1
| #define PACKAGE "libX11"
| #define VERSION "1.8"
| #define HAVE_DLFCN_H 1
| #define LT_OBJDIR ".libs/"
| #define PACKAGE_VERSION_MAJOR 1
| #define PACKAGE_VERSION_MINOR 8
| #define PACKAGE_VERSION_PATCHLEVEL 0
| #define UNIXCONN 1
| #define TCPCONN 1
| #define IPv6 1
| #define HAVE_SOCKLEN_T 1
| #define HAVE_STRCASECMP 1
| #define HAVE_DLOPEN 1
| #define HAVE_DLFCN_H 1
| #define USE_DYNAMIC_XCURSOR 1
| /* end confdefs.h.  */
| #include <stdio.h>
| #ifdef HAVE_SYS_TYPES_H
| # include <sys/types.h>
| #endif
| #ifdef HAVE_SYS_STAT_H
| # include <sys/stat.h>
| #endif
| #ifdef STDC_HEADERS
| # include <stdlib.h>
| # include <stddef.h>
| #else
| # ifdef HAVE_STDLIB_H
| #  include <stdlib.h>
| # endif
| #endif
| #ifdef HAVE_STRING_H
| # if !defined STDC_HEADERS && defined HAVE_MEMORY_H
| #  include <memory.h>
| # endif
| # include <string.h>
| #endif
| #ifdef HAVE_STRINGS_H
| # include <strings.h>
| #endif
| #ifdef HAVE_INTTYPES_H
| # include <inttypes.h>
| #endif
| #ifdef HAVE_STDINT_H
| # include <stdint.h>
| #endif
| #ifdef HAVE_UNISTD_H
| # include <unistd.h>
| #endif
| #include <sys/filio.h>
configure:20674: result: no
configure:20674: checking sys/filio.h presence
configure:20674: gcc -E  conftest.c
conftest.c:39:10: fatal error: sys/filio.h: No such file or directory
   39 | #include <sys/filio.h>
      |          ^~~~~~~~~~~~~
compilation terminated.
configure:20674: $? = 1
configure: failed program was:
| /* confdefs.h */
| #define PACKAGE_NAME "libX11"
| #define PACKAGE_TARNAME "libX11"
| #define PACKAGE_VERSION "1.8"
| #define PACKAGE_STRING "libX11 1.8"
| #define PACKAGE_BUGREPORT "https://gitlab.freedesktop.org/xorg/lib/libx11/issues"
| #define PACKAGE_URL ""
| #define STDC_HEADERS 1
| #define HAVE_SYS_TYPES_H 1
| #define HAVE_SYS_STAT_H 1
| #define HAVE_STDLIB_H 1
| #define HAVE_STRING_H 1
| #define HAVE_MEMORY_H 1
| #define HAVE_STRINGS_H 1
| #define HAVE_INTTYPES_H 1
| #define HAVE_STDINT_H 1
| #define HAVE_UNISTD_H 1
| #define __EXTENSIONS__ 1
| #define _ALL_SOURCE 1
| #define _GNU_SOURCE 1
| #define _POSIX_PTHREAD_SEMANTICS 1
| #define _TANDEM_SOURCE 1
| #define PACKAGE "libX11"
| #define VERSION "1.8"
| #define HAVE_DLFCN_H 1
| #define LT_OBJDIR ".libs/"
| #define PACKAGE_VERSION_MAJOR 1
| #define PACKAGE_VERSION_MINOR 8
| #define PACKAGE_VERSION_PATCHLEVEL 0
| #define UNIXCONN 1
| #define TCPCONN 1
| #define IPv6 1
| #define HAVE_SOCKLEN_T 1
| #define HAVE_STRCASECMP 1
| #define HAVE_DLOPEN 1
| #define HAVE_DLFCN_H 1
| #define USE_DYNAMIC_XCURSOR 1
| /* end confdefs.h.  */
| #include <sys/filio.h>
configure:20674: result: no
configure:20674: checking for sys/filio.h
configure:20674: result: no
configure:20674: checking sys/select.h usability
configure:20674: gcc -c -g -O2  conftest.c >&5
configure:20674: $? = 0
configure:20674: result: yes
configure:20674: checking sys/select.h presence
configure:20674: gcc -E  conftest.c
configure:20674: $? = 0
configure:20674: result: yes
configure:20674: checking for sys/select.h
configure:20674: result: yes
configure:20674: checking sys/ioctl.h usability
configure:20674: gcc -c -g -O2  conftest.c >&5
configure:20674: $? = 0
configure:20674: result: yes
configure:20674: checking sys/ioctl.h presence
configure:20674: gcc -E  conftest.c
configure:20674: $? = 0
configure:20674: result: yes
configure:20674: checking for sys/ioctl.h
configure:20674: result: yes
configure:20674: checking sys/socket.h usability
configure:20674: gcc -c -g -O2  conftest.c >&5
configure:20674: $? = 0
configure:20674: result: yes
configure:20674: checking sys/socket.h presence
configure:20674: gcc -E  conftest.c
configure:20674: $? = 0
configure:20674: result: yes
configure:20674: checking for sys/socket.h
configure:20674: result: yes
configure:20689: checking for __builtin_popcountl
configure:20708: gcc -o conftest -g -O2   conftest.c  >&5
configure:20708: $? = 0
configure:20717: result: yes
configure:20735: checking for strtol
configure:20735: gcc -o conftest -g -O2   conftest.c  >&5
configure:20735: $? = 0
configure:20735: result: yes
configure:20735: checking for seteuid
configure:20735: gcc -o conftest -g -O2   conftest.c  >&5
configure:20735: $? = 0
configure:20735: result: yes
configure:20744: checking for reallocarray
configure:20744: gcc -o conftest -g -O2   conftest.c  >&5
configure:20744: $? = 0
configure:20744: result: yes
configure:20760: checking whether issetugid is declared
configure:20760: gcc -c -g -O2  conftest.c >&5
conftest.c: In function 'main':
conftest.c:86:10: error: 'issetugid' undeclared (first use in this function); did you mean 'setegid'?
   86 |   (void) issetugid;
      |          ^~~~~~~~~
      |          setegid
conftest.c:86:10: note: each undeclared identifier is reported only once for each function it appears in
configure:20760: $? = 1
configure: failed program was:
| /* confdefs.h */
| #define PACKAGE_NAME "libX11"
| #define PACKAGE_TARNAME "libX11"
| #define PACKAGE_VERSION "1.8"
| #define PACKAGE_STRING "libX11 1.8"
| #define PACKAGE_BUGREPORT "https://gitlab.freedesktop.org/xorg/lib/libx11/issues"
| #define PACKAGE_URL ""
| #define STDC_HEADERS 1
| #define HAVE_SYS_TYPES_H 1
| #define HAVE_SYS_STAT_H 1
| #define HAVE_STDLIB_H 1
| #define HAVE_STRING_H 1
| #define HAVE_MEMORY_H 1
| #define HAVE_STRINGS_H 1
| #define HAVE_INTTYPES_H 1
| #define HAVE_STDINT_H 1
| #define HAVE_UNISTD_H 1
| #define __EXTENSIONS__ 1
| #define _ALL_SOURCE 1
| #define _GNU_SOURCE 1
| #define _POSIX_PTHREAD_SEMANTICS 1
| #define _TANDEM_SOURCE 1
| #define PACKAGE "libX11"
| #define VERSION "1.8"
| #define HAVE_DLFCN_H 1
| #define LT_OBJDIR ".libs/"
| #define PACKAGE_VERSION_MAJOR 1
| #define PACKAGE_VERSION_MINOR 8
| #define PACKAGE_VERSION_PATCHLEVEL 0
| #define UNIXCONN 1
| #define TCPCONN 1
| #define IPv6 1
| #define HAVE_SOCKLEN_T 1
| #define HAVE_STRCASECMP 1
| #define HAVE_DLOPEN 1
| #define HAVE_DLFCN_H 1
| #define USE_DYNAMIC_XCURSOR 1
| #define HAVE_SYS_SELECT_H 1
| #define HAVE_SYS_IOCTL_H 1
| #define HAVE_SYS_SOCKET_H 1
| #define HAVE___BUILTIN_POPCOUNTL 1
| #define HAVE_STRTOL 1
| #define HAVE_SETEUID 1
| #define HAVE_REALLOCARRAY 1
| /* end confdefs.h.  */
| #include <stdio.h>
| #ifdef HAVE_SYS_TYPES_H
| # include <sys/types.h>
| #endif
| #ifdef HAVE_SYS_STAT_H
| # include <sys/stat.h>
| #endif
| #ifdef STDC_HEADERS
| # include <stdlib.h>
| # include <stddef.h>
| #else
| # ifdef HAVE_STDLIB_H
| #  include <stdlib.h>
| # endif
| #endif
| #ifdef HAVE_STRING_H
| # if !defined STDC_HEADERS && defined HAVE_MEMORY_H
| #  include <memory.h>
| # endif
| # include <string.h>
| #endif
| #ifdef HAVE_STRINGS_H
| # include <strings.h>
| #endif
| #ifdef HAVE_INTTYPES_H
| # include <inttypes.h>
| #endif
| #ifdef HAVE_STDINT_H
| # include <stdint.h>
| #endif
| #ifdef HAVE_UNISTD_H
| # include <unistd.h>
| #endif
| int
| main ()
| {
| #ifndef issetugid
| #ifdef __cplusplus
|   (void) issetugid;
| #else
|   (void) issetugid;
| #endif
| #endif
| 
|   ;
|   return 0;
| }
configure:20760: result: no
configure:20765: checking for issetugid
configure:20765: gcc -o conftest -g -O2   conftest.c  >&5
/usr/bin/ld: /tmp/ccIuurIC.o: in function `main':
/home/leuleu/Documents/dev/42_projects/github_aleuleu/FdF/libX11-1.8/conftest.c:80: undefined reference to `issetugid'
collect2: error: ld returned 1 exit status
configure:20765: $? = 1
configure: failed program was:
| /* confdefs.h */
| #define PACKAGE_NAME "libX11"
| #define PACKAGE_TARNAME "libX11"
| #define PACKAGE_VERSION "1.8"
| #define PACKAGE_STRING "libX11 1.8"
| #define PACKAGE_BUGREPORT "https://gitlab.freedesktop.org/xorg/lib/libx11/issues"
| #define PACKAGE_URL ""
| #define STDC_HEADERS 1
| #define HAVE_SYS_TYPES_H 1
| #define HAVE_SYS_STAT_H 1
| #define HAVE_STDLIB_H 1
| #define HAVE_STRING_H 1
| #define HAVE_MEMORY_H 1
| #define HAVE_STRINGS_H 1
| #define HAVE_INTTYPES_H 1
| #define HAVE_STDINT_H 1
| #define HAVE_UNISTD_H 1
| #define __EXTENSIONS__ 1
| #define _ALL_SOURCE 1
| #define _GNU_SOURCE 1
| #define _POSIX_PTHREAD_SEMANTICS 1
| #define _TANDEM_SOURCE 1
| #define PACKAGE "libX11"
| #define VERSION "1.8"
| #define HAVE_DLFCN_H 1
| #define LT_OBJDIR ".libs/"
| #define PACKAGE_VERSION_MAJOR 1
| #define PACKAGE_VERSION_MINOR 8
| #define PACKAGE_VERSION_PATCHLEVEL 0
| #define UNIXCONN 1
| #define TCPCONN 1
| #define IPv6 1
| #define HAVE_SOCKLEN_T 1
| #define HAVE_STRCASECMP 1
| #define HAVE_DLOPEN 1
| #define HAVE_DLFCN_H 1
| #define USE_DYNAMIC_XCURSOR 1
| #define HAVE_SYS_SELECT_H 1
| #define HAVE_SYS_IOCTL_H 1
| #define HAVE_SYS_SOCKET_H 1
| #define HAVE___BUILTIN_POPCOUNTL 1
| #define HAVE_STRTOL 1
| #define HAVE_SETEUID 1
| #define HAVE_REALLOCARRAY 1
| /* end confdefs.h.  */
| /* Define issetugid to an innocuous variant, in case <limits.h> declares issetugid.
|    For example, HP-UX 11i <limits.h> declares gettimeofday.  */
| #define issetugid innocuous_issetugid
| 
| /* System header to define __stub macros and hopefully few prototypes,
|     which can conflict with char issetugid (); below.
|     Prefer <limits.h> to <assert.h> if __STDC__ is defined, since
|     <limits.h> exists even on freestanding compilers.  */
| 
| #ifdef __STDC__
| # include <limits.h>
| #else
| # include <assert.h>
| #endif
| 
| #undef issetugid
| 
| /* Override any GCC internal prototype to avoid an error.
|    Use char because int might match the return type of a GCC
|    builtin and then its argument prototype would still apply.  */
| #ifdef __cplusplus
| extern "C"
| #endif
| char issetugid ();
| /* The GNU C library defines this for functions which it implements
|     to always fail with ENOSYS.  Some functions are actually named
|     something starting with __ and the normal name is an alias.  */
| #if defined __stub_issetugid || defined __stub___issetugid
| choke me
| #endif
| 
| int
| main ()
| {
| return issetugid ();
|   ;
|   return 0;
| }
configure:20765: result: no
configure:20776: checking for getresuid
configure:20776: gcc -o conftest -g -O2   conftest.c  >&5
configure:20776: $? = 0
configure:20776: result: yes
configure:20785: checking for shmat
configure:20785: gcc -o conftest -g -O2   conftest.c  >&5
configure:20785: $? = 0
configure:20785: result: yes
configure:20825: checking for launchd
configure:20853: result: no
configure:20880: checking for getpwuid_r in -lc
configure:20905: gcc -o conftest -g -O2   conftest.c -lc   >&5
configure:20905: $? = 0
configure:20914: result: yes
configure:20939: checking for pthread_self in -lc
configure:20964: gcc -o conftest -g -O2   conftest.c -lc   >&5
configure:20964: $? = 0
configure:20973: result: yes
configure:21010: checking for poll
configure:21010: gcc -o conftest -g -O2   conftest.c  >&5
configure:21010: $? = 0
configure:21010: result: yes
configure:21021: checking keysym definitions
configure:21044: result:  /usr/include/X11/keysymdef.h /usr/include/X11/XF86keysym.h /usr/include/X11/Sunkeysym.h /usr/include/X11/DECkeysym.h /usr/include/X11/HPkeysym.h
configure:21094: checking if XLOCALEDIR support should be enabled
configure:21108: result: yes
configure:21121: checking for BIGFONT
configure:21128: $PKG_CONFIG --exists --print-errors "xf86bigfontproto >= 1.2.0"
configure:21131: $? = 0
configure:21145: $PKG_CONFIG --exists --print-errors "xf86bigfontproto >= 1.2.0"
configure:21148: $? = 0
configure:21186: result: yes
configure:21227: checking for stdlib.h
configure:21227: result: yes
configure:21227: checking for unistd.h
configure:21227: result: yes
configure:21227: checking for sys/param.h
configure:21227: gcc -c -g -O2  conftest.c >&5
configure:21227: $? = 0
configure:21227: result: yes
configure:21247: checking for getpagesize
configure:21247: gcc -o conftest -g -O2   conftest.c  >&5
configure:21247: $? = 0
configure:21247: result: yes
configure:21256: checking for working mmap
configure:21403: gcc -o conftest -g -O2   conftest.c  >&5
configure:21403: $? = 0
configure:21403: ./conftest
configure:21403: $? = 0
configure:21413: result: yes
configure:21423: checking for nl_langinfo
configure:21423: gcc -o conftest -g -O2   conftest.c  >&5
configure:21423: $? = 0
configure:21423: result: yes
configure:21618: checking for X11
configure:21625: $PKG_CONFIG --exists --print-errors "$X11_REQUIRES"
configure:21628: $? = 0
configure:21642: $PKG_CONFIG --exists --print-errors "$X11_REQUIRES"
configure:21645: $? = 0
configure:21703: result: yes
configure:21846: checking whether malloc(0) returns NULL
configure:21878: gcc -o conftest -g -O2   conftest.c  >&5
configure:21878: $? = 0
configure:21878: ./conftest
configure:21878: $? = 0
configure:21891: result: yes
configure:22012: checking that generated files are newer than configure
configure:22018: result: done
configure:22101: creating ./config.status

## ---------------------- ##
## Running config.status. ##
## ---------------------- ##

This file was extended by libX11 config.status 1.8, which was
generated by GNU Autoconf 2.69.  Invocation command line was

  CONFIG_FILES    = 
  CONFIG_HEADERS  = 
  CONFIG_LINKS    = 
  CONFIG_COMMANDS = 
  $ ./config.status 

on leuleu-HP-ZBook

config.status:1272: creating Makefile
config.status:1272: creating include/Makefile
config.status:1272: creating man/Makefile
config.status:1272: creating man/xkb/Makefile
config.status:1272: creating src/Makefile
config.status:1272: creating src/util/Makefile
config.status:1272: creating src/xcms/Makefile
config.status:1272: creating src/xlibi18n/Makefile
config.status:1272: creating modules/Makefile
config.status:1272: creating modules/im/Makefile
config.status:1272: creating modules/im/ximcp/Makefile
config.status:1272: creating modules/lc/Makefile
config.status:1272: creating modules/lc/def/Makefile
config.status:1272: creating modules/lc/gen/Makefile
config.status:1272: creating modules/lc/Utf8/Makefile
config.status:1272: creating modules/om/Makefile
config.status:1272: creating modules/om/generic/Makefile
config.status:1272: creating src/xkb/Makefile
config.status:1272: creating nls/Makefile
config.status:1272: creating specs/Makefile
config.status:1272: creating specs/i18n/Makefile
config.status:1272: creating specs/i18n/compose/Makefile
config.status:1272: creating specs/i18n/framework/Makefile
config.status:1272: creating specs/i18n/localedb/Makefile
config.status:1272: creating specs/i18n/trans/Makefile
config.status:1272: creating specs/libX11/Makefile
config.status:1272: creating specs/XIM/Makefile
config.status:1272: creating specs/XKB/Makefile
config.status:1272: creating x11.pc
config.status:1272: creating x11-xcb.pc
config.status:1272: creating src/config.h
config.status:1272: creating include/X11/XlibConf.h
config.status:1501: executing depfiles commands
config.status:1578: cd src       && sed -e '/# am--include-marker/d' Makefile         | make -f - am--depfiles
config.status:1583: $? = 0
config.status:1578: cd src/util       && sed -e '/# am--include-marker/d' Makefile         | make -f - am--depfiles
config.status:1583: $? = 0
config.status:1578: cd src/xcms       && sed -e '/# am--include-marker/d' Makefile         | make -f - am--depfiles
config.status:1583: $? = 0
config.status:1578: cd src/xlibi18n       && sed -e '/# am--include-marker/d' Makefile         | make -f - am--depfiles
config.status:1583: $? = 0
config.status:1578: cd modules/im/ximcp       && sed -e '/# am--include-marker/d' Makefile         | make -f - am--depfiles
config.status:1583: $? = 0
config.status:1578: cd modules/lc/def       && sed -e '/# am--include-marker/d' Makefile         | make -f - am--depfiles
config.status:1583: $? = 0
config.status:1578: cd modules/lc/gen       && sed -e '/# am--include-marker/d' Makefile         | make -f - am--depfiles
config.status:1583: $? = 0
config.status:1578: cd modules/lc/Utf8       && sed -e '/# am--include-marker/d' Makefile         | make -f - am--depfiles
config.status:1583: $? = 0
config.status:1578: cd modules/om/generic       && sed -e '/# am--include-marker/d' Makefile         | make -f - am--depfiles
config.status:1583: $? = 0
config.status:1578: cd src/xkb       && sed -e '/# am--include-marker/d' Makefile         | make -f - am--depfiles
config.status:1583: $? = 0
config.status:1501: executing libtool commands

## ---------------- ##
## Cache variables. ##
## ---------------- ##

ac_cv_build=x86_64-pc-linux-gnu
ac_cv_c_compiler_gnu=yes
ac_cv_env_BIGFONT_CFLAGS_set=
ac_cv_env_BIGFONT_CFLAGS_value=
ac_cv_env_BIGFONT_LIBS_set=
ac_cv_env_BIGFONT_LIBS_value=
ac_cv_env_CC_set=
ac_cv_env_CC_value=
ac_cv_env_CFLAGS_set=
ac_cv_env_CFLAGS_value=
ac_cv_env_CPPFLAGS_set=
ac_cv_env_CPPFLAGS_value=
ac_cv_env_CPP_set=
ac_cv_env_CPP_value=
ac_cv_env_FOP_set=
ac_cv_env_FOP_value=
ac_cv_env_LDFLAGS_set=
ac_cv_env_LDFLAGS_value=
ac_cv_env_LIBS_set=
ac_cv_env_LIBS_value=
ac_cv_env_LINT_FLAGS_set=
ac_cv_env_LINT_FLAGS_value=
ac_cv_env_LINT_set=
ac_cv_env_LINT_value=
ac_cv_env_LT_SYS_LIBRARY_PATH_set=
ac_cv_env_LT_SYS_LIBRARY_PATH_value=
ac_cv_env_PERL_set=
ac_cv_env_PERL_value=
ac_cv_env_PKG_CONFIG_LIBDIR_set=
ac_cv_env_PKG_CONFIG_LIBDIR_value=
ac_cv_env_PKG_CONFIG_PATH_set=
ac_cv_env_PKG_CONFIG_PATH_value=
ac_cv_env_PKG_CONFIG_set=
ac_cv_env_PKG_CONFIG_value=
ac_cv_env_X11_CFLAGS_set=
ac_cv_env_X11_CFLAGS_value=
ac_cv_env_X11_LIBS_set=
ac_cv_env_X11_LIBS_value=
ac_cv_env_XMLTO_set=
ac_cv_env_XMLTO_value=
ac_cv_env_XSLTPROC_set=
ac_cv_env_XSLTPROC_value=
ac_cv_env_build_alias_set=
ac_cv_env_build_alias_value=
ac_cv_env_host_alias_set=
ac_cv_env_host_alias_value=
ac_cv_env_target_alias_set=
ac_cv_env_target_alias_value=
ac_cv_func_getaddrinfo=yes
ac_cv_func_getpagesize=yes
ac_cv_func_getresuid=yes
ac_cv_func_issetugid=no
ac_cv_func_mmap_fixed_mapped=yes
ac_cv_func_nl_langinfo=yes
ac_cv_func_poll=yes
ac_cv_func_reallocarray=yes
ac_cv_func_seteuid=yes
ac_cv_func_shmat=yes
ac_cv_func_strcasecmp=yes
ac_cv_func_strlcpy=no
ac_cv_func_strtol=yes
ac_cv_have_decl___INTEL_COMPILER=no
ac_cv_have_decl___SUNPRO_C=no
ac_cv_have_decl___clang__=no
ac_cv_have_decl_issetugid=no
ac_cv_header_dlfcn_h=yes
ac_cv_header_inttypes_h=yes
ac_cv_header_memory_h=yes
ac_cv_header_minix_config_h=no
ac_cv_header_stdc=yes
ac_cv_header_stdint_h=yes
ac_cv_header_stdlib_h=yes
ac_cv_header_string_h=yes
ac_cv_header_strings_h=yes
ac_cv_header_sys_filio_h=no
ac_cv_header_sys_ioctl_h=yes
ac_cv_header_sys_param_h=yes
ac_cv_header_sys_select_h=yes
ac_cv_header_sys_socket_h=yes
ac_cv_header_sys_stat_h=yes
ac_cv_header_sys_types_h=yes
ac_cv_header_unistd_h=yes
ac_cv_host=x86_64-pc-linux-gnu
ac_cv_lib_c_getpwuid_r=yes
ac_cv_lib_c_pthread_self=yes
ac_cv_member_struct_msghdr_msg_control=yes
ac_cv_member_struct_sockaddr_in_sin_len=no
ac_cv_objext=o
ac_cv_path_EGREP='/usr/bin/grep -E'
ac_cv_path_FGREP='/usr/bin/grep -F'
ac_cv_path_GREP=/usr/bin/grep
ac_cv_path_PERL=/usr/bin/perl
ac_cv_path_SED=/usr/bin/sed
ac_cv_path_ac_pt_PKG_CONFIG=/usr/bin/pkg-config
ac_cv_path_ac_pt_RAWCPP=/usr/bin/cpp
ac_cv_path_install='/usr/bin/install -c'
ac_cv_path_lt_DD=/usr/bin/dd
ac_cv_path_mkdir=/usr/bin/mkdir
ac_cv_prog_AWK=gawk
ac_cv_prog_CPP='gcc -E'
ac_cv_prog_LAUNCHD=no
ac_cv_prog_ac_ct_AR=ar
ac_cv_prog_ac_ct_CC=gcc
ac_cv_prog_ac_ct_MANIFEST_TOOL=mt
ac_cv_prog_ac_ct_OBJDUMP=objdump
ac_cv_prog_ac_ct_RANLIB=ranlib
ac_cv_prog_ac_ct_STRIP=strip
ac_cv_prog_cc_c89=
ac_cv_prog_cc_c99=
ac_cv_prog_cc_g=yes
ac_cv_prog_make_make_set=yes
ac_cv_safe_to_define___extensions__=yes
ac_cv_search_dlopen='none required'
ac_cv_search_gethostbyname='none required'
ac_cv_search_socket='none required'
ac_cv_sys_file_offset_bits=no
ac_cv_sys_largefile_CC=no
ac_cv_type_socklen_t=yes
am_cv_CC_dependencies_compiler_type=gcc3
am_cv_make_support_nested_variables=yes
am_cv_prog_cc_c_o=yes
ax_cv_have___builtin_popcountl=yes
lt_cv_ar_at_file=@
lt_cv_archive_cmds_need_lc=no
lt_cv_deplibs_check_method=pass_all
lt_cv_file_magic_cmd='$MAGIC_CMD'
lt_cv_file_magic_test_file=
lt_cv_ld_reload_flag=-r
lt_cv_nm_interface='BSD nm'
lt_cv_objdir=.libs
lt_cv_path_LD=/usr/bin/ld
lt_cv_path_NM='/usr/bin/nm -B'
lt_cv_path_mainfest_tool=no
lt_cv_prog_compiler_c_o=yes
lt_cv_prog_compiler_pic='-fPIC -DPIC'
lt_cv_prog_compiler_pic_works=yes
lt_cv_prog_compiler_rtti_exceptions=no
lt_cv_prog_compiler_static_works=yes
lt_cv_prog_gnu_ld=yes
lt_cv_sharedlib_from_linklib_cmd='printf %s\n'
lt_cv_shlibpath_overrides_runpath=yes
lt_cv_sys_global_symbol_pipe='sed -n -e '\''s/^.*[	 ]\([ABCDGIRSTW][ABCDGIRSTW]*\)[	 ][	 ]*\([_A-Za-z][_A-Za-z0-9]*\)$/\1 \2 \2/p'\'' | sed '\''/ __gnu_lto/d'\'''
lt_cv_sys_global_symbol_to_c_name_address='sed -n -e '\''s/^: \(.*\) .*$/  {"\1", (void *) 0},/p'\'' -e '\''s/^[ABCDGIRSTW][ABCDGIRSTW]* .* \(.*\)$/  {"\1", (void *) \&\1},/p'\'''
lt_cv_sys_global_symbol_to_c_name_address_lib_prefix='sed -n -e '\''s/^: \(.*\) .*$/  {"\1", (void *) 0},/p'\'' -e '\''s/^[ABCDGIRSTW][ABCDGIRSTW]* .* \(lib.*\)$/  {"\1", (void *) \&\1},/p'\'' -e '\''s/^[ABCDGIRSTW][ABCDGIRSTW]* .* \(.*\)$/  {"lib\1", (void *) \&\1},/p'\'''
lt_cv_sys_global_symbol_to_cdecl='sed -n -e '\''s/^T .* \(.*\)$/extern int \1();/p'\'' -e '\''s/^[ABCDGIRSTW][ABCDGIRSTW]* .* \(.*\)$/extern char \1;/p'\'''
lt_cv_sys_global_symbol_to_import=
lt_cv_sys_max_cmd_len=1572864
lt_cv_to_host_file_cmd=func_convert_file_noop
lt_cv_to_tool_file_cmd=func_convert_file_noop
lt_cv_truncate_bin='/usr/bin/dd bs=4096 count=1'
pkg_cv_BIGFONT_CFLAGS=
pkg_cv_BIGFONT_LIBS=
pkg_cv_X11_CFLAGS='-D_DEFAULT_SOURCE -D_BSD_SOURCE -DHAS_FCHOWN -DHAS_STICKY_DIR_BIT'
pkg_cv_X11_LIBS=-lxcb
xorg_cv_cc_flag__Wall=yes
xorg_cv_cc_flag__Wbad_function_cast=yes
xorg_cv_cc_flag__Wdeclaration_after_statement=yes
xorg_cv_cc_flag__Werror=yes
xorg_cv_cc_flag__Werror_address=yes
xorg_cv_cc_flag__Werror_array_bounds=yes
xorg_cv_cc_flag__Werror_attributes=yes
xorg_cv_cc_flag__Werror_implicit=yes
xorg_cv_cc_flag__Werror_init_self=yes
xorg_cv_cc_flag__Werror_int_to_pointer_cast=yes
xorg_cv_cc_flag__Werror_main=yes
xorg_cv_cc_flag__Werror_missing_braces=yes
xorg_cv_cc_flag__Werror_nonnull=yes
xorg_cv_cc_flag__Werror_pointer_to_int_cast=yes
xorg_cv_cc_flag__Werror_return_type=yes
xorg_cv_cc_flag__Werror_sequence_point=yes
xorg_cv_cc_flag__Werror_trigraphs=yes
xorg_cv_cc_flag__Werror_write_strings=yes
xorg_cv_cc_flag__Wformat_2=yes
xorg_cv_cc_flag__Wlogical_op=yes
xorg_cv_cc_flag__Wmissing_declarations=yes
xorg_cv_cc_flag__Wmissing_format_attribute=yes
xorg_cv_cc_flag__Wmissing_noreturn=yes
xorg_cv_cc_flag__Wmissing_prototypes=yes
xorg_cv_cc_flag__Wnested_externs=yes
xorg_cv_cc_flag__Wold_style_definition=yes
xorg_cv_cc_flag__Wpointer_arith=yes
xorg_cv_cc_flag__Wredundant_decls=yes
xorg_cv_cc_flag__Wshadow=yes
xorg_cv_cc_flag__Wstrict_prototypes=yes
xorg_cv_cc_flag__Wuninitialized=yes
xorg_cv_cc_flag__Wunused=yes
xorg_cv_cc_flag__pedantic=yes
xorg_cv_cc_flag_unknown_warning_option=no
xorg_cv_cc_flag_unused_command_line_argument=no
xorg_cv_malloc0_returns_null=yes

## ----------------- ##
## Output variables. ##
## ----------------- ##

ACLOCAL='${SHELL} /home/leuleu/Documents/dev/42_projects/github_aleuleu/FdF/libX11-1.8/missing aclocal-1.16'
ADMIN_MAN_DIR='$(mandir)/man$(ADMIN_MAN_SUFFIX)'
ADMIN_MAN_SUFFIX='8'
AMDEPBACKSLASH='\'
AMDEP_FALSE='#'
AMDEP_TRUE=''
AMTAR='$${TAR-tar}'
AM_BACKSLASH='\'
AM_DEFAULT_V='$(AM_DEFAULT_VERBOSITY)'
AM_DEFAULT_VERBOSITY='0'
AM_V='$(V)'
APP_MAN_DIR='$(mandir)/man$(APP_MAN_SUFFIX)'
APP_MAN_SUFFIX='1'
AR='ar'
AUTOCONF='${SHELL} /home/leuleu/Documents/dev/42_projects/github_aleuleu/FdF/libX11-1.8/missing autoconf'
AUTOHEADER='${SHELL} /home/leuleu/Documents/dev/42_projects/github_aleuleu/FdF/libX11-1.8/missing autoheader'
AUTOMAKE='${SHELL} /home/leuleu/Documents/dev/42_projects/github_aleuleu/FdF/libX11-1.8/missing automake-1.16'
AWK='gawk'
BASE_CFLAGS=' -Wall -Wpointer-arith -Wmissing-declarations -Wformat=2 -Wstrict-prototypes -Wmissing-prototypes -Wnested-externs -Wbad-function-cast -Wold-style-definition -Wdeclaration-after-statement -Wunused -Wuninitialized -Wshadow -Wmissing-noreturn -Wmissing-format-attribute -Wredundant-decls -Wlogical-op -Werror=implicit -Werror=nonnull -Werror=init-self -Werror=main -Werror=missing-braces -Werror=sequence-point -Werror=return-type -Werror=trigraphs -Werror=array-bounds -Werror=write-strings -Werror=address -Werror=int-to-pointer-cast -Werror=pointer-to-int-cast'
BIGFONT_CFLAGS=''
BIGFONT_LIBS=''
CC='gcc'
CCDEPMODE='depmode=gcc3'
CC_FOR_BUILD='gcc'
CFLAGS='-g -O2'
CFLAGS_FOR_BUILD='-g -O2'
CHANGELOG_CMD='((GIT_DIR=$(top_srcdir)/.git git log > $(top_srcdir)/.changelog.tmp) 2>/dev/null && mv $(top_srcdir)/.changelog.tmp $(top_srcdir)/ChangeLog) || (rm -f $(top_srcdir)/.changelog.tmp; test -e $(top_srcdir)/ChangeLog || ( touch $(top_srcdir)/ChangeLog; echo '\''git failed to create ChangeLog: installing empty ChangeLog.'\'' >&2))'
CPP='gcc -E'
CPPFLAGS=''
CPPFLAGS_FOR_BUILD=''
CWARNFLAGS=' -Wall -Wpointer-arith -Wmissing-declarations -Wformat=2 -Wstrict-prototypes -Wmissing-prototypes -Wnested-externs -Wbad-function-cast -Wold-style-definition -Wdeclaration-after-statement -Wunused -Wuninitialized -Wshadow -Wmissing-noreturn -Wmissing-format-attribute -Wredundant-decls -Wlogical-op -Werror=implicit -Werror=nonnull -Werror=init-self -Werror=main -Werror=missing-braces -Werror=sequence-point -Werror=return-type -Werror=trigraphs -Werror=array-bounds -Werror=write-strings -Werror=address -Werror=int-to-pointer-cast -Werror=pointer-to-int-cast -fno-strict-aliasing'
CYGPATH_W='echo'
DEFS='-DHAVE_CONFIG_H'
DEPDIR='.deps'
DLLTOOL='false'
DRIVER_MAN_DIR='$(mandir)/man$(DRIVER_MAN_SUFFIX)'
DRIVER_MAN_SUFFIX='4'
DSYMUTIL=''
DUMPBIN=''
ECHO_C=''
ECHO_N='-n'
ECHO_T=''
EGREP='/usr/bin/grep -E'
ENABLE_SPECS_FALSE='#'
ENABLE_SPECS_TRUE=''
EXEEXT=''
EXEEXT_FOR_BUILD=''
FGREP='/usr/bin/grep -F'
FILE_MAN_DIR='$(mandir)/man$(FILE_MAN_SUFFIX)'
FILE_MAN_SUFFIX='5'
FOP=''
GREP='/usr/bin/grep'
HAVE_FOP_FALSE=''
HAVE_FOP_TRUE='#'
HAVE_PERL_FALSE='#'
HAVE_PERL_TRUE=''
HAVE_STYLESHEETS_FALSE='#'
HAVE_STYLESHEETS_TRUE=''
HAVE_XMLTO_FALSE=''
HAVE_XMLTO_TEXT_FALSE=''
HAVE_XMLTO_TEXT_TRUE='#'
HAVE_XMLTO_TRUE='#'
HAVE_XSLTPROC_FALSE=''
HAVE_XSLTPROC_TRUE='#'
I18N_MODULE_LIBS=''
INSTALL_CMD='(cp -f /INSTALL $(top_srcdir)/.INSTALL.tmp && mv $(top_srcdir)/.INSTALL.tmp $(top_srcdir)/INSTALL) || (rm -f $(top_srcdir)/.INSTALL.tmp; test -e $(top_srcdir)/INSTALL || ( touch $(top_srcdir)/INSTALL; echo '\''failed to copy INSTALL from util-macros: installing empty INSTALL.'\'' >&2))'
INSTALL_DATA='${INSTALL} -m 644'
INSTALL_PROGRAM='${INSTALL}'
INSTALL_SCRIPT='${INSTALL}'
INSTALL_STRIP_PROGRAM='$(install_sh) -c -s'
KEYSYMDEFS=' /usr/include/X11/keysymdef.h /usr/include/X11/XF86keysym.h /usr/include/X11/Sunkeysym.h /usr/include/X11/DECkeysym.h /usr/include/X11/HPkeysym.h'
LAUNCHD='no'
LD='/usr/bin/ld -m elf_x86_64'
LDFLAGS=''
LDFLAGS_FOR_BUILD=''
LIBOBJS=''
LIBS=''
LIBTOOL='$(SHELL) $(top_builddir)/libtool'
LIB_MAN_DIR='$(mandir)/man$(LIB_MAN_SUFFIX)'
LIB_MAN_SUFFIX='3'
LINT=''
LINTLIB=''
LINT_FALSE=''
LINT_FLAGS='-badflag'
LINT_TRUE='#'
LIPO=''
LN_S='ln -s'
LTLIBOBJS=''
LT_SYS_LIBRARY_PATH=''
MAKEINFO='${SHELL} /home/leuleu/Documents/dev/42_projects/github_aleuleu/FdF/libX11-1.8/missing makeinfo'
MAKE_LINT_LIB_FALSE=''
MAKE_LINT_LIB_TRUE='#'
MALLOC_ZERO_CFLAGS='-DMALLOC_0_RETURNS_NULL'
MANIFEST_TOOL=':'
MAN_SUBSTS='	-e '\''s|__vendorversion__|"$(PACKAGE_STRING)" "$(XORG_MAN_PAGE)"|'\'' 	-e '\''s|__xorgversion__|"$(PACKAGE_STRING)" "$(XORG_MAN_PAGE)"|'\'' 	-e '\''s|__xservername__|Xorg|g'\'' 	-e '\''s|__xconfigfile__|xorg.conf|g'\'' 	-e '\''s|__projectroot__|$(prefix)|g'\'' 	-e '\''s|__apploaddir__|$(appdefaultdir)|g'\'' 	-e '\''s|__appmansuffix__|$(APP_MAN_SUFFIX)|g'\'' 	-e '\''s|__drivermansuffix__|$(DRIVER_MAN_SUFFIX)|g'\'' 	-e '\''s|__adminmansuffix__|$(ADMIN_MAN_SUFFIX)|g'\'' 	-e '\''s|__libmansuffix__|$(LIB_MAN_SUFFIX)|g'\'' 	-e '\''s|__miscmansuffix__|$(MISC_MAN_SUFFIX)|g'\'' 	-e '\''s|__filemansuffix__|$(FILE_MAN_SUFFIX)|g'\'''
MISC_MAN_DIR='$(mandir)/man$(MISC_MAN_SUFFIX)'
MISC_MAN_SUFFIX='7'
MKDIR_P='/usr/bin/mkdir -p'
NM='/usr/bin/nm -B'
NMEDIT=''
OBJDUMP='objdump'
OBJEXT='o'
OS2_FALSE=''
OS2_TRUE='#'
OTOOL64=''
OTOOL=''
PACKAGE='libX11'
PACKAGE_BUGREPORT='https://gitlab.freedesktop.org/xorg/lib/libx11/issues'
PACKAGE_NAME='libX11'
PACKAGE_STRING='libX11 1.8'
PACKAGE_TARNAME='libX11'
PACKAGE_URL=''
PACKAGE_VERSION='1.8'
PATH_SEPARATOR=':'
PERL='/usr/bin/perl'
PKG_CONFIG='/usr/bin/pkg-config'
PKG_CONFIG_LIBDIR=''
PKG_CONFIG_PATH=''
RANLIB='ranlib'
RAWCPP='/usr/bin/cpp'
RAWCPPFLAGS='-undef -traditional'
SED='/usr/bin/sed'
SET_MAKE=''
SHELL='/bin/bash'
STRICT_CFLAGS=' -pedantic -Werror -Werror=attributes'
STRIP='strip'
STYLESHEET_SRCDIR='/usr/share/sgml/X11'
THRSTUBS_FALSE=''
THRSTUBS_TRUE='#'
TRADITIONALCPPFLAGS='-traditional'
VERSION='1.8'
WCHAR32='1'
X11_CFLAGS='-D_DEFAULT_SOURCE -D_BSD_SOURCE -DHAS_FCHOWN -DHAS_STICKY_DIR_BIT '
X11_DATADIR='/usr/local/share/X11'
X11_EXTRA_DEPS='xcb >= 1.11.1'
X11_LIBDIR='/usr/local/lib/X11'
X11_LIBS='-lxcb'
X11_LOCALEDATADIR='/usr/local/share/X11/locale'
X11_LOCALEDIR='/usr/local/share/X11/locale'
X11_LOCALELIBDIR='/usr/local/lib/X11/locale'
XCMS_FALSE='#'
XCMS_TRUE=''
XERRORDB='/usr/local/share/X11/XErrorDB'
XKBPROTO_REQUIRES='kbproto'
XKB_FALSE='#'
XKB_TRUE=''
XKEYSYMDB='/usr/local/share/X11/XKeysymDB'
XLIB_LOADABLE_I18N_FALSE=''
XLIB_LOADABLE_I18N_TRUE='#'
XLOCALEDATADIR='/usr/local/share/X11/locale'
XLOCALEDIR='/usr/local/share/X11/locale'
XLOCALELIBDIR='/usr/local/lib/X11/locale'
XLOCALE_FALSE='#'
XLOCALE_TRUE=''
XMALLOC_ZERO_CFLAGS='-DMALLOC_0_RETURNS_NULL'
XMLTO=''
XORG_MAN_PAGE='X Version 11'
XORG_SGML_PATH='/usr/share/sgml'
XSLTPROC=''
XSL_STYLESHEET='/usr/share/sgml/X11/xorg.xsl'
XTHREADLIB='-lpthread'
XTHREAD_CFLAGS=''
XTMALLOC_ZERO_CFLAGS='-DMALLOC_0_RETURNS_NULL -DXTMALLOC_BC'
ac_ct_AR='ar'
ac_ct_CC='gcc'
ac_ct_DUMPBIN=''
am__EXEEXT_FALSE=''
am__EXEEXT_TRUE='#'
am__fastdepCC_FALSE='#'
am__fastdepCC_TRUE=''
am__include='include'
am__isrc=''
am__leading_dot='.'
am__nodep='_no'
am__quote=''
am__tar='$${TAR-tar} chof - "$$tardir"'
am__untar='$${TAR-tar} xf -'
bindir='${exec_prefix}/bin'
build='x86_64-pc-linux-gnu'
build_alias=''
build_cpu='x86_64'
build_os='linux-gnu'
build_vendor='pc'
datadir='${datarootdir}'
datarootdir='${prefix}/share'
docdir='${datarootdir}/doc/${PACKAGE_TARNAME}'
dvidir='${docdir}'
exec_prefix='${prefix}'
host='x86_64-pc-linux-gnu'
host_alias=''
host_cpu='x86_64'
host_os='linux-gnu'
host_vendor='pc'
htmldir='${docdir}'
includedir='${prefix}/include'
infodir='${datarootdir}/info'
install_sh='${SHELL} /home/leuleu/Documents/dev/42_projects/github_aleuleu/FdF/libX11-1.8/install-sh'
libdir='${exec_prefix}/lib'
libexecdir='${exec_prefix}/libexec'
localedir='${datarootdir}/locale'
locales=' am_ET.UTF-8  armscii-8   C           cs_CZ.UTF-8  el_GR.UTF-8  en_US.UTF-8  fi_FI.UTF-8  georgian-academy        georgian-ps  ibm-cp1133   iscii-dev  isiri-3342   iso8859-1   iso8859-10  iso8859-11   iso8859-13   iso8859-14  iso8859-15   iso8859-2   iso8859-3   iso8859-4    iso8859-5    iso8859-6  iso8859-7    iso8859-8   iso8859-9   iso8859-9e   ja           ja.JIS  ja_JP.UTF-8  ja.SJIS     km_KH.UTF-8 ko           koi8-c       koi8-r  koi8-u       ko_KR.UTF-8 microsoft-cp1251         microsoft-cp1255  microsoft-cp1256         mulelao-1   nokhchi-1    pt_BR.UTF-8  pt_PT.UTF-8  ru_RU.UTF-8  sr_RS.UTF-8 tatar-cyr   th_TH        th_TH.UTF-8  tscii-0  vi_VN.tcvn   vi_VN.viscii            zh_CN        zh_CN.gb18030  zh_CN.gbk    zh_CN.UTF-8 zh_HK.big5  zh_HK.big5hkscs           zh_HK.UTF-8  zh_TW        zh_TW.big5  zh_TW.UTF-8'
localstatedir='${prefix}/var'
mandir='${datarootdir}/man'
mkdir_p='$(MKDIR_P)'
oldincludedir='/usr/include'
pdfdir='${docdir}'
prefix='/usr/local'
program_transform_name='s,x,x,'
psdir='${docdir}'
runstatedir='${localstatedir}/run'
sbindir='${exec_prefix}/sbin'
sharedstatedir='${prefix}/com'
sysconfdir='${prefix}/etc'
target_alias=''

## ----------- ##
## confdefs.h. ##
## ----------- ##

/* confdefs.h */
#define PACKAGE_NAME "libX11"
#define PACKAGE_TARNAME "libX11"
#define PACKAGE_VERSION "1.8"
#define PACKAGE_STRING "libX11 1.8"
#define PACKAGE_BUGREPORT "https://gitlab.freedesktop.org/xorg/lib/libx11/issues"
#define PACKAGE_URL ""
#define STDC_HEADERS 1
#define HAVE_SYS_TYPES_H 1
#define HAVE_SYS_STAT_H 1
#define HAVE_STDLIB_H 1
#define HAVE_STRING_H 1
#define HAVE_MEMORY_H 1
#define HAVE_STRINGS_H 1
#define HAVE_INTTYPES_H 1
#define HAVE_STDINT_H 1
#define HAVE_UNISTD_H 1
#define __EXTENSIONS__ 1
#define _ALL_SOURCE 1
#define _GNU_SOURCE 1
#define _POSIX_PTHREAD_SEMANTICS 1
#define _TANDEM_SOURCE 1
#define PACKAGE "libX11"
#define VERSION "1.8"
#define HAVE_DLFCN_H 1
#define LT_OBJDIR ".libs/"
#define PACKAGE_VERSION_MAJOR 1
#define PACKAGE_VERSION_MINOR 8
#define PACKAGE_VERSION_PATCHLEVEL 0
#define UNIXCONN 1
#define TCPCONN 1
#define IPv6 1
#define HAVE_SOCKLEN_T 1
#define HAVE_STRCASECMP 1
#define HAVE_DLOPEN 1
#define HAVE_DLFCN_H 1
#define USE_DYNAMIC_XCURSOR 1
#define HAVE_SYS_SELECT_H 1
#define HAVE_SYS_IOCTL_H 1
#define HAVE_SYS_SOCKET_H 1
#define HAVE___BUILTIN_POPCOUNTL 1
#define HAVE_STRTOL 1
#define HAVE_SETEUID 1
#define HAVE_REALLOCARRAY 1
#define HASGETRESUID 1
#define HAS_SHM 1
#define XTHREADS 1
#define XUSE_MTSAFE_API 1
#define USE_POLL 1
#define XCMS 1
#define XLOCALE 1
#define XF86BIGFONT 1
#define XKB 1
#define HAVE_STDLIB_H 1
#define HAVE_UNISTD_H 1
#define HAVE_SYS_PARAM_H 1
#define HAVE_GETPAGESIZE 1
#define HAVE_MMAP 1
#define COMPOSECACHE 1
#define X11_DATADIR "/usr/local/share/X11"
#define X11_LIBDIR "/usr/local/lib/X11"
#define XLOCALEDATADIR "/usr/local/share/X11/locale"
#define XLOCALELIBDIR "/usr/local/lib/X11/locale"
#define XLOCALEDIR "/usr/local/share/X11/locale"
#define XKEYSYMDB "/usr/local/share/X11/XKeysymDB"
#define XERRORDB "/usr/local/share/X11/XErrorDB"

configure: exit 0
